[2023-09-13T12:17:04.826+0000] {manager.py:487} INFO - Processing files using up to 2 processes at a time 
[2023-09-13T12:17:04.827+0000] {manager.py:488} INFO - Process each file at most once every 30 seconds
[2023-09-13T12:17:04.827+0000] {manager.py:489} INFO - Checking for new files in /opt/airflow/dags every 300 seconds
[2023-09-13T12:17:04.827+0000] {manager.py:759} INFO - Searching for files in /opt/airflow/dags
[2023-09-13T12:17:04.829+0000] {manager.py:762} INFO - There are 2 files in /opt/airflow/dags
[2023-09-13T12:17:04.896+0000] {manager.py:893} INFO - 
================================================================================
DAG File Processing Stats

File Path                              PID  Runtime      # DAGs    # Errors  Last Runtime    Last Run
-----------------------------------  -----  ---------  --------  ----------  --------------  ----------
/opt/airflow/dags/realtime_elt.py      175  0.02s             0           0
/opt/airflow/dags/orange_day_elt.py    172  0.03s             0           0
================================================================================
[2023-09-13T12:17:35.008+0000] {manager.py:893} INFO - 
================================================================================
DAG File Processing Stats

File Path                              PID  Runtime      # DAGs    # Errors  Last Runtime    Last Run
-----------------------------------  -----  ---------  --------  ----------  --------------  -------------------
/opt/airflow/dags/realtime_elt.py      192  0.00s             0           1  0.03s           2023-09-13T12:17:04
/opt/airflow/dags/orange_day_elt.py    189  0.01s             0           1  0.03s           2023-09-13T12:17:04
================================================================================
[2023-09-13T12:17:58.694+0000] {manager.py:469} INFO - Exiting gracefully upon receiving signal 15
[2023-09-13T12:20:07.873+0000] {manager.py:487} INFO - Processing files using up to 2 processes at a time 
[2023-09-13T12:20:07.873+0000] {manager.py:488} INFO - Process each file at most once every 30 seconds
[2023-09-13T12:20:07.873+0000] {manager.py:489} INFO - Checking for new files in /opt/airflow/dags every 300 seconds
[2023-09-13T12:20:07.873+0000] {manager.py:759} INFO - Searching for files in /opt/airflow/dags
[2023-09-13T12:20:07.876+0000] {manager.py:762} INFO - There are 2 files in /opt/airflow/dags
[2023-09-13T12:20:07.937+0000] {manager.py:893} INFO - 
================================================================================
DAG File Processing Stats

File Path                              PID  Runtime      # DAGs    # Errors  Last Runtime    Last Run
-----------------------------------  -----  ---------  --------  ----------  --------------  ----------
/opt/airflow/dags/realtime_elt.py      175  0.02s             0           0
/opt/airflow/dags/orange_day_elt.py    172  0.02s             0           0
================================================================================
[2023-09-13T12:20:38.054+0000] {manager.py:893} INFO - 
================================================================================
DAG File Processing Stats

File Path                              PID  Runtime      # DAGs    # Errors  Last Runtime    Last Run
-----------------------------------  -----  ---------  --------  ----------  --------------  -------------------
/opt/airflow/dags/realtime_elt.py      192  0.00s             0           1  0.03s           2023-09-13T12:20:07
/opt/airflow/dags/orange_day_elt.py    189  0.01s             0           1  0.03s           2023-09-13T12:20:07
================================================================================
[2023-09-13T12:21:08.195+0000] {manager.py:893} INFO - 
================================================================================
DAG File Processing Stats

File Path                              PID  Runtime      # DAGs    # Errors  Last Runtime    Last Run
-----------------------------------  -----  ---------  --------  ----------  --------------  -------------------
/opt/airflow/dags/realtime_elt.py      222  0.00s             0           1  0.04s           2023-09-13T12:20:38
/opt/airflow/dags/orange_day_elt.py    219  0.01s             0           1  0.04s           2023-09-13T12:20:38
================================================================================
[2023-09-13T12:21:38.314+0000] {manager.py:893} INFO - 
================================================================================
DAG File Processing Stats

File Path                              PID  Runtime      # DAGs    # Errors  Last Runtime    Last Run
-----------------------------------  -----  ---------  --------  ----------  --------------  -------------------
/opt/airflow/dags/realtime_elt.py      239  0.00s             0           1  0.03s           2023-09-13T12:21:08
/opt/airflow/dags/orange_day_elt.py    236  0.01s             0           1  0.04s           2023-09-13T12:21:08
================================================================================
[2023-09-13T12:21:54.353+0000] {manager.py:469} INFO - Exiting gracefully upon receiving signal 15
[2023-09-13T12:32:24.898+0000] {manager.py:487} INFO - Processing files using up to 2 processes at a time 
[2023-09-13T12:32:24.898+0000] {manager.py:488} INFO - Process each file at most once every 30 seconds
[2023-09-13T12:32:24.899+0000] {manager.py:489} INFO - Checking for new files in /opt/airflow/dags every 300 seconds
[2023-09-13T12:32:24.899+0000] {manager.py:759} INFO - Searching for files in /opt/airflow/dags
[2023-09-13T12:32:24.901+0000] {manager.py:762} INFO - There are 2 files in /opt/airflow/dags
[2023-09-13T12:32:24.967+0000] {manager.py:893} INFO - 
================================================================================
DAG File Processing Stats

File Path                              PID  Runtime      # DAGs    # Errors  Last Runtime    Last Run
-----------------------------------  -----  ---------  --------  ----------  --------------  ----------
/opt/airflow/dags/realtime_elt.py      175  0.02s             0           0
/opt/airflow/dags/orange_day_elt.py    172  0.02s             0           0
================================================================================
[2023-09-13T12:32:55.072+0000] {manager.py:893} INFO - 
================================================================================
DAG File Processing Stats

File Path                            PID    Runtime      # DAGs    # Errors  Last Runtime    Last Run
-----------------------------------  -----  ---------  --------  ----------  --------------  -------------------
/opt/airflow/dags/realtime_elt.py                             1           0  1.28s           2023-09-13T12:32:26
/opt/airflow/dags/orange_day_elt.py                           1           0  0.42s           2023-09-13T12:32:25
================================================================================
[2023-09-13T12:33:25.431+0000] {manager.py:893} INFO - 
================================================================================
DAG File Processing Stats

File Path                            PID    Runtime      # DAGs    # Errors  Last Runtime    Last Run
-----------------------------------  -----  ---------  --------  ----------  --------------  -------------------
/opt/airflow/dags/realtime_elt.py                             1           0  0.54s           2023-09-13T12:32:56
/opt/airflow/dags/orange_day_elt.py                           1           0  0.25s           2023-09-13T12:32:56
================================================================================
[2023-09-13T12:33:55.798+0000] {manager.py:893} INFO - 
================================================================================
DAG File Processing Stats

File Path                            PID    Runtime      # DAGs    # Errors  Last Runtime    Last Run
-----------------------------------  -----  ---------  --------  ----------  --------------  -------------------
/opt/airflow/dags/realtime_elt.py                             1           0  0.54s           2023-09-13T12:33:27
/opt/airflow/dags/orange_day_elt.py                           1           0  0.25s           2023-09-13T12:33:26
================================================================================
[2023-09-13T12:34:26.141+0000] {manager.py:893} INFO - 
================================================================================
DAG File Processing Stats

File Path                            PID    Runtime      # DAGs    # Errors  Last Runtime    Last Run
-----------------------------------  -----  ---------  --------  ----------  --------------  -------------------
/opt/airflow/dags/realtime_elt.py                             1           0  0.55s           2023-09-13T12:33:58
/opt/airflow/dags/orange_day_elt.py                           1           0  0.23s           2023-09-13T12:33:57
================================================================================
[2023-09-13T12:34:56.511+0000] {manager.py:893} INFO - 
================================================================================
DAG File Processing Stats

File Path                            PID    Runtime      # DAGs    # Errors  Last Runtime    Last Run
-----------------------------------  -----  ---------  --------  ----------  --------------  -------------------
/opt/airflow/dags/realtime_elt.py                             1           0  0.56s           2023-09-13T12:34:29
/opt/airflow/dags/orange_day_elt.py                           1           0  0.26s           2023-09-13T12:34:27
================================================================================
[2023-09-13T12:35:26.864+0000] {manager.py:893} INFO - 
================================================================================
DAG File Processing Stats

File Path                            PID    Runtime      # DAGs    # Errors  Last Runtime    Last Run
-----------------------------------  -----  ---------  --------  ----------  --------------  -------------------
/opt/airflow/dags/realtime_elt.py                             1           0  0.53s           2023-09-13T12:35:00
/opt/airflow/dags/orange_day_elt.py                           1           0  0.25s           2023-09-13T12:34:57
================================================================================
[2023-09-13T12:35:57.231+0000] {manager.py:893} INFO - 
================================================================================
DAG File Processing Stats

File Path                            PID    Runtime      # DAGs    # Errors  Last Runtime    Last Run
-----------------------------------  -----  ---------  --------  ----------  --------------  -------------------
/opt/airflow/dags/realtime_elt.py                             1           0  0.56s           2023-09-13T12:35:31
/opt/airflow/dags/orange_day_elt.py                           1           0  0.26s           2023-09-13T12:35:28
================================================================================
[2023-09-13T12:36:27.605+0000] {manager.py:893} INFO - 
================================================================================
DAG File Processing Stats

File Path                            PID    Runtime      # DAGs    # Errors  Last Runtime    Last Run
-----------------------------------  -----  ---------  --------  ----------  --------------  -------------------
/opt/airflow/dags/realtime_elt.py                             1           0  0.53s           2023-09-13T12:36:02
/opt/airflow/dags/orange_day_elt.py                           1           0  0.27s           2023-09-13T12:35:58
================================================================================
[2023-09-13T12:36:57.970+0000] {manager.py:893} INFO - 
================================================================================
DAG File Processing Stats

File Path                            PID    Runtime      # DAGs    # Errors  Last Runtime    Last Run
-----------------------------------  -----  ---------  --------  ----------  --------------  -------------------
/opt/airflow/dags/realtime_elt.py                             1           0  0.55s           2023-09-13T12:36:33
/opt/airflow/dags/orange_day_elt.py                           1           0  0.26s           2023-09-13T12:36:28
================================================================================
[2023-09-13T12:37:24.923+0000] {manager.py:759} INFO - Searching for files in /opt/airflow/dags
[2023-09-13T12:37:24.927+0000] {manager.py:762} INFO - There are 2 files in /opt/airflow/dags
[2023-09-13T12:37:28.349+0000] {manager.py:893} INFO - 
================================================================================
DAG File Processing Stats

File Path                            PID    Runtime      # DAGs    # Errors  Last Runtime    Last Run
-----------------------------------  -----  ---------  --------  ----------  --------------  -------------------
/opt/airflow/dags/realtime_elt.py                             1           0  0.58s           2023-09-13T12:37:03
/opt/airflow/dags/orange_day_elt.py                           1           0  0.28s           2023-09-13T12:36:59
================================================================================
[2023-09-13T12:37:58.714+0000] {manager.py:893} INFO - 
================================================================================
DAG File Processing Stats

File Path                            PID    Runtime      # DAGs    # Errors  Last Runtime    Last Run
-----------------------------------  -----  ---------  --------  ----------  --------------  -------------------
/opt/airflow/dags/realtime_elt.py                             1           0  0.27s           2023-09-13T12:37:34
/opt/airflow/dags/orange_day_elt.py                           1           0  0.26s           2023-09-13T12:37:29
================================================================================
[2023-09-13T12:38:29.069+0000] {manager.py:893} INFO - 
================================================================================
DAG File Processing Stats

File Path                            PID    Runtime      # DAGs    # Errors  Last Runtime    Last Run
-----------------------------------  -----  ---------  --------  ----------  --------------  -------------------
/opt/airflow/dags/realtime_elt.py                             1           0  0.25s           2023-09-13T12:38:04
/opt/airflow/dags/orange_day_elt.py                           1           0  0.25s           2023-09-13T12:37:59
================================================================================
[2023-09-13T12:38:59.432+0000] {manager.py:893} INFO - 
================================================================================
DAG File Processing Stats

File Path                            PID    Runtime      # DAGs    # Errors  Last Runtime    Last Run
-----------------------------------  -----  ---------  --------  ----------  --------------  -------------------
/opt/airflow/dags/realtime_elt.py                             1           0  0.25s           2023-09-13T12:38:35
/opt/airflow/dags/orange_day_elt.py                           1           0  0.25s           2023-09-13T12:38:30
================================================================================
[2023-09-13T12:39:29.805+0000] {manager.py:893} INFO - 
================================================================================
DAG File Processing Stats

File Path                            PID    Runtime      # DAGs    # Errors  Last Runtime    Last Run
-----------------------------------  -----  ---------  --------  ----------  --------------  -------------------
/opt/airflow/dags/realtime_elt.py                             1           0  0.21s           2023-09-13T12:39:21
/opt/airflow/dags/orange_day_elt.py                           1           0  0.25s           2023-09-13T12:39:00
================================================================================
[2023-09-13T12:40:00.120+0000] {manager.py:893} INFO - 
================================================================================
DAG File Processing Stats

File Path                            PID    Runtime      # DAGs    # Errors  Last Runtime    Last Run
-----------------------------------  -----  ---------  --------  ----------  --------------  -------------------
/opt/airflow/dags/realtime_elt.py                             1           0  10.31s          2023-09-13T12:39:42
/opt/airflow/dags/orange_day_elt.py                           1           0  0.22s           2023-09-13T12:39:31
================================================================================
[2023-09-13T12:40:30.475+0000] {manager.py:893} INFO - 
================================================================================
DAG File Processing Stats

File Path                            PID    Runtime      # DAGs    # Errors  Last Runtime    Last Run
-----------------------------------  -----  ---------  --------  ----------  --------------  -------------------
/opt/airflow/dags/realtime_elt.py                             1           0  10.28s          2023-09-13T12:40:22
/opt/airflow/dags/orange_day_elt.py                           1           0  0.27s           2023-09-13T12:40:01
================================================================================
[2023-09-13T12:41:00.815+0000] {manager.py:893} INFO - 
================================================================================
DAG File Processing Stats

File Path                              PID  Runtime      # DAGs    # Errors  Last Runtime    Last Run
-----------------------------------  -----  ---------  --------  ----------  --------------  -------------------
/opt/airflow/dags/realtime_elt.py      565  8.03s             1           0  10.28s          2023-09-13T12:40:22
/opt/airflow/dags/orange_day_elt.py                           1           0  0.27s           2023-09-13T12:40:31
================================================================================
[2023-09-13T12:41:30.926+0000] {manager.py:893} INFO - 
================================================================================
DAG File Processing Stats

File Path                            PID    Runtime      # DAGs    # Errors  Last Runtime    Last Run
-----------------------------------  -----  ---------  --------  ----------  --------------  -------------------
/opt/airflow/dags/realtime_elt.py                             1           0  10.28s          2023-09-13T12:41:03
/opt/airflow/dags/orange_day_elt.py                           1           0  0.26s           2023-09-13T12:41:02
================================================================================
[2023-09-13T12:42:01.238+0000] {manager.py:893} INFO - 
================================================================================
DAG File Processing Stats

File Path                            PID    Runtime      # DAGs    # Errors  Last Runtime    Last Run
-----------------------------------  -----  ---------  --------  ----------  --------------  -------------------
/opt/airflow/dags/realtime_elt.py                             1           0  10.27s          2023-09-13T12:41:43
/opt/airflow/dags/orange_day_elt.py                           1           0  0.26s           2023-09-13T12:41:32
================================================================================
[2023-09-13T12:42:25.762+0000] {manager.py:759} INFO - Searching for files in /opt/airflow/dags
[2023-09-13T12:42:25.765+0000] {manager.py:762} INFO - There are 2 files in /opt/airflow/dags
[2023-09-13T12:42:31.793+0000] {manager.py:893} INFO - 
================================================================================
DAG File Processing Stats

File Path                            PID    Runtime      # DAGs    # Errors  Last Runtime    Last Run
-----------------------------------  -----  ---------  --------  ----------  --------------  -------------------
/opt/airflow/dags/realtime_elt.py                             1           0  10.28s          2023-09-13T12:42:23
/opt/airflow/dags/orange_day_elt.py                           1           0  0.24s           2023-09-13T12:42:02
================================================================================
[2023-09-13T12:43:01.895+0000] {manager.py:893} INFO - 
================================================================================
DAG File Processing Stats

File Path                              PID  Runtime      # DAGs    # Errors  Last Runtime    Last Run
-----------------------------------  -----  ---------  --------  ----------  --------------  -------------------
/opt/airflow/dags/realtime_elt.py      628  8.03s             1           0  10.28s          2023-09-13T12:42:23
/opt/airflow/dags/orange_day_elt.py                           1           0  0.27s           2023-09-13T12:42:33
================================================================================
[2023-09-13T12:43:32.236+0000] {manager.py:893} INFO - 
================================================================================
DAG File Processing Stats

File Path                            PID    Runtime      # DAGs    # Errors  Last Runtime    Last Run
-----------------------------------  -----  ---------  --------  ----------  --------------  -------------------
/opt/airflow/dags/realtime_elt.py                             1           0  10.28s          2023-09-13T12:43:04
/opt/airflow/dags/orange_day_elt.py                           1           0  0.25s           2023-09-13T12:43:03
================================================================================
[2023-09-13T12:44:02.801+0000] {manager.py:893} INFO - 
================================================================================
DAG File Processing Stats

File Path                            PID    Runtime      # DAGs    # Errors  Last Runtime    Last Run
-----------------------------------  -----  ---------  --------  ----------  --------------  -------------------
/opt/airflow/dags/realtime_elt.py                             1           0  10.29s          2023-09-13T12:43:44
/opt/airflow/dags/orange_day_elt.py                           1           0  0.25s           2023-09-13T12:43:33
================================================================================
[2023-09-13T12:44:33.117+0000] {manager.py:893} INFO - 
================================================================================
DAG File Processing Stats

File Path                            PID    Runtime      # DAGs    # Errors  Last Runtime    Last Run
-----------------------------------  -----  ---------  --------  ----------  --------------  -------------------
/opt/airflow/dags/realtime_elt.py                             1           0  10.27s          2023-09-13T12:44:25
/opt/airflow/dags/orange_day_elt.py                           1           0  0.23s           2023-09-13T12:44:04
================================================================================
[2023-09-13T12:45:03.242+0000] {manager.py:893} INFO - 
================================================================================
DAG File Processing Stats

File Path                              PID  Runtime      # DAGs    # Errors  Last Runtime    Last Run
-----------------------------------  -----  ---------  --------  ----------  --------------  -------------------
/opt/airflow/dags/realtime_elt.py      691  8.03s             1           0  10.27s          2023-09-13T12:44:25
/opt/airflow/dags/orange_day_elt.py                           1           0  0.26s           2023-09-13T12:44:34
================================================================================
[2023-09-13T12:45:33.562+0000] {manager.py:893} INFO - 
================================================================================
DAG File Processing Stats

File Path                            PID    Runtime      # DAGs    # Errors  Last Runtime    Last Run
-----------------------------------  -----  ---------  --------  ----------  --------------  -------------------
/opt/airflow/dags/realtime_elt.py                             1           0  10.29s          2023-09-13T12:45:05
/opt/airflow/dags/orange_day_elt.py                           1           0  0.26s           2023-09-13T12:45:04
================================================================================
[2023-09-13T12:46:03.669+0000] {manager.py:893} INFO - 
================================================================================
DAG File Processing Stats

File Path                            PID    Runtime      # DAGs    # Errors  Last Runtime    Last Run
-----------------------------------  -----  ---------  --------  ----------  --------------  -------------------
/opt/airflow/dags/realtime_elt.py                             1           0  10.29s          2023-09-13T12:45:45
/opt/airflow/dags/orange_day_elt.py                           1           0  0.26s           2023-09-13T12:45:35
================================================================================
[2023-09-13T12:46:34.227+0000] {manager.py:893} INFO - 
================================================================================
DAG File Processing Stats

File Path                            PID    Runtime      # DAGs    # Errors  Last Runtime    Last Run
-----------------------------------  -----  ---------  --------  ----------  --------------  -------------------
/opt/airflow/dags/realtime_elt.py                             1           0  10.28s          2023-09-13T12:46:26
/opt/airflow/dags/orange_day_elt.py                           1           0  0.24s           2023-09-13T12:46:06
================================================================================
[2023-09-13T12:47:04.342+0000] {manager.py:893} INFO - 
================================================================================
DAG File Processing Stats

File Path                              PID  Runtime      # DAGs    # Errors  Last Runtime    Last Run
-----------------------------------  -----  ---------  --------  ----------  --------------  -------------------
/opt/airflow/dags/realtime_elt.py      754  8.03s             1           0  10.28s          2023-09-13T12:46:26
/opt/airflow/dags/orange_day_elt.py                           1           0  0.26s           2023-09-13T12:46:36
================================================================================
[2023-09-13T12:47:25.848+0000] {manager.py:759} INFO - Searching for files in /opt/airflow/dags
[2023-09-13T12:47:25.851+0000] {manager.py:762} INFO - There are 2 files in /opt/airflow/dags
[2023-09-13T12:47:34.680+0000] {manager.py:893} INFO - 
================================================================================
DAG File Processing Stats

File Path                            PID    Runtime      # DAGs    # Errors  Last Runtime    Last Run
-----------------------------------  -----  ---------  --------  ----------  --------------  -------------------
/opt/airflow/dags/realtime_elt.py                             1           0  10.28s          2023-09-13T12:47:06
/opt/airflow/dags/orange_day_elt.py                           1           0  0.23s           2023-09-13T12:47:06
================================================================================
[2023-09-13T12:48:04.979+0000] {manager.py:893} INFO - 
================================================================================
DAG File Processing Stats

File Path                            PID    Runtime      # DAGs    # Errors  Last Runtime    Last Run
-----------------------------------  -----  ---------  --------  ----------  --------------  -------------------
/opt/airflow/dags/realtime_elt.py                             1           0  10.28s          2023-09-13T12:47:46
/opt/airflow/dags/orange_day_elt.py                           1           0  0.26s           2023-09-13T12:47:37
================================================================================
[2023-09-13T12:48:35.345+0000] {manager.py:893} INFO - 
================================================================================
DAG File Processing Stats

File Path                            PID    Runtime      # DAGs    # Errors  Last Runtime    Last Run
-----------------------------------  -----  ---------  --------  ----------  --------------  -------------------
/opt/airflow/dags/realtime_elt.py                             1           0  10.29s          2023-09-13T12:48:27
/opt/airflow/dags/orange_day_elt.py                           1           0  0.28s           2023-09-13T12:48:08
================================================================================
[2023-09-13T12:49:05.463+0000] {manager.py:893} INFO - 
================================================================================
DAG File Processing Stats

File Path                              PID  Runtime      # DAGs    # Errors  Last Runtime    Last Run
-----------------------------------  -----  ---------  --------  ----------  --------------  -------------------
/opt/airflow/dags/realtime_elt.py      817  8.03s             1           0  10.29s          2023-09-13T12:48:27
/opt/airflow/dags/orange_day_elt.py                           1           0  0.26s           2023-09-13T12:48:38
================================================================================
[2023-09-13T12:49:35.813+0000] {manager.py:893} INFO - 
================================================================================
DAG File Processing Stats

File Path                            PID    Runtime      # DAGs    # Errors  Last Runtime    Last Run
-----------------------------------  -----  ---------  --------  ----------  --------------  -------------------
/opt/airflow/dags/realtime_elt.py                             1           0  10.29s          2023-09-13T12:49:07
/opt/airflow/dags/orange_day_elt.py                           1           0  0.25s           2023-09-13T12:49:08
================================================================================
[2023-09-13T12:50:06.118+0000] {manager.py:893} INFO - 
================================================================================
DAG File Processing Stats

File Path                            PID    Runtime      # DAGs    # Errors  Last Runtime    Last Run
-----------------------------------  -----  ---------  --------  ----------  --------------  -------------------
/opt/airflow/dags/realtime_elt.py                             1           0  10.27s          2023-09-13T12:49:48
/opt/airflow/dags/orange_day_elt.py                           1           0  0.25s           2023-09-13T12:49:39
================================================================================
[2023-09-13T12:50:36.463+0000] {manager.py:893} INFO - 
================================================================================
DAG File Processing Stats

File Path                            PID    Runtime      # DAGs    # Errors  Last Runtime    Last Run
-----------------------------------  -----  ---------  --------  ----------  --------------  -------------------
/opt/airflow/dags/realtime_elt.py                             1           0  10.29s          2023-09-13T12:50:28
/opt/airflow/dags/orange_day_elt.py                           1           0  0.25s           2023-09-13T12:50:10
================================================================================
[2023-09-13T12:51:06.578+0000] {manager.py:893} INFO - 
================================================================================
DAG File Processing Stats

File Path                              PID  Runtime      # DAGs    # Errors  Last Runtime    Last Run
-----------------------------------  -----  ---------  --------  ----------  --------------  -------------------
/opt/airflow/dags/realtime_elt.py      880  8.03s             1           0  10.29s          2023-09-13T12:50:28
/opt/airflow/dags/orange_day_elt.py                           1           0  0.27s           2023-09-13T12:50:40
================================================================================
[2023-09-13T12:51:36.932+0000] {manager.py:893} INFO - 
================================================================================
DAG File Processing Stats

File Path                            PID    Runtime      # DAGs    # Errors  Last Runtime    Last Run
-----------------------------------  -----  ---------  --------  ----------  --------------  -------------------
/opt/airflow/dags/realtime_elt.py                             1           0  10.29s          2023-09-13T12:51:08
/opt/airflow/dags/orange_day_elt.py                           1           0  0.23s           2023-09-13T12:51:11
================================================================================
[2023-09-13T12:52:07.206+0000] {manager.py:893} INFO - 
================================================================================
DAG File Processing Stats

File Path                            PID    Runtime      # DAGs    # Errors  Last Runtime    Last Run
-----------------------------------  -----  ---------  --------  ----------  --------------  -------------------
/opt/airflow/dags/realtime_elt.py                             1           0  10.28s          2023-09-13T12:51:49
/opt/airflow/dags/orange_day_elt.py                           1           0  0.25s           2023-09-13T12:51:41
================================================================================
[2023-09-13T12:52:26.341+0000] {manager.py:759} INFO - Searching for files in /opt/airflow/dags
[2023-09-13T12:52:26.346+0000] {manager.py:762} INFO - There are 2 files in /opt/airflow/dags
[2023-09-13T12:52:37.559+0000] {manager.py:893} INFO - 
================================================================================
DAG File Processing Stats

File Path                            PID    Runtime      # DAGs    # Errors  Last Runtime    Last Run
-----------------------------------  -----  ---------  --------  ----------  --------------  -------------------
/opt/airflow/dags/realtime_elt.py                             1           0  10.30s          2023-09-13T12:52:29
/opt/airflow/dags/orange_day_elt.py                           1           0  0.25s           2023-09-13T12:52:12
================================================================================
[2023-09-13T12:53:07.752+0000] {manager.py:893} INFO - 
================================================================================
DAG File Processing Stats

File Path                              PID  Runtime      # DAGs    # Errors  Last Runtime    Last Run
-----------------------------------  -----  ---------  --------  ----------  --------------  -------------------
/opt/airflow/dags/realtime_elt.py      943  8.03s             1           0  10.30s          2023-09-13T12:52:29
/opt/airflow/dags/orange_day_elt.py                           1           0  0.26s           2023-09-13T12:52:42
================================================================================
[2023-09-13T12:53:38.122+0000] {manager.py:893} INFO - 
================================================================================
DAG File Processing Stats

File Path                            PID    Runtime      # DAGs    # Errors  Last Runtime    Last Run
-----------------------------------  -----  ---------  --------  ----------  --------------  -------------------
/opt/airflow/dags/realtime_elt.py                             1           0  10.30s          2023-09-13T12:53:10
/opt/airflow/dags/orange_day_elt.py                           1           0  0.29s           2023-09-13T12:53:13
================================================================================
[2023-09-13T12:54:08.411+0000] {manager.py:893} INFO - 
================================================================================
DAG File Processing Stats

File Path                            PID    Runtime      # DAGs    # Errors  Last Runtime    Last Run
-----------------------------------  -----  ---------  --------  ----------  --------------  -------------------
/opt/airflow/dags/realtime_elt.py                             1           0  10.29s          2023-09-13T12:53:50
/opt/airflow/dags/orange_day_elt.py                           1           0  0.25s           2023-09-13T12:53:43
================================================================================
[2023-09-13T12:54:38.773+0000] {manager.py:893} INFO - 
================================================================================
DAG File Processing Stats

File Path                            PID    Runtime      # DAGs    # Errors  Last Runtime    Last Run
-----------------------------------  -----  ---------  --------  ----------  --------------  -------------------
/opt/airflow/dags/realtime_elt.py                             1           0  10.30s          2023-09-13T12:54:30
/opt/airflow/dags/orange_day_elt.py                           1           0  0.25s           2023-09-13T12:54:14
================================================================================
[2023-09-13T12:55:08.955+0000] {manager.py:893} INFO - 
================================================================================
DAG File Processing Stats

File Path                              PID  Runtime      # DAGs    # Errors  Last Runtime    Last Run
-----------------------------------  -----  ---------  --------  ----------  --------------  -------------------
/opt/airflow/dags/realtime_elt.py     1006  8.03s             1           0  10.30s          2023-09-13T12:54:30
/opt/airflow/dags/orange_day_elt.py                           1           0  0.26s           2023-09-13T12:54:45
================================================================================
[2023-09-13T12:55:39.337+0000] {manager.py:893} INFO - 
================================================================================
DAG File Processing Stats

File Path                            PID    Runtime      # DAGs    # Errors  Last Runtime    Last Run
-----------------------------------  -----  ---------  --------  ----------  --------------  -------------------
/opt/airflow/dags/realtime_elt.py                             1           0  10.30s          2023-09-13T12:55:11
/opt/airflow/dags/orange_day_elt.py                           1           0  0.26s           2023-09-13T12:55:15
================================================================================
[2023-09-13T12:56:09.602+0000] {manager.py:893} INFO - 
================================================================================
DAG File Processing Stats

File Path                            PID    Runtime      # DAGs    # Errors  Last Runtime    Last Run
-----------------------------------  -----  ---------  --------  ----------  --------------  -------------------
/opt/airflow/dags/realtime_elt.py                             1           0  10.30s          2023-09-13T12:55:51
/opt/airflow/dags/orange_day_elt.py                           1           0  0.26s           2023-09-13T12:55:45
================================================================================
[2023-09-13T12:56:39.967+0000] {manager.py:893} INFO - 
================================================================================
DAG File Processing Stats

File Path                            PID    Runtime      # DAGs    # Errors  Last Runtime    Last Run
-----------------------------------  -----  ---------  --------  ----------  --------------  -------------------
/opt/airflow/dags/realtime_elt.py                             1           0  10.30s          2023-09-13T12:56:32
/opt/airflow/dags/orange_day_elt.py                           1           0  0.25s           2023-09-13T12:56:16
================================================================================
[2023-09-13T13:02:44.653+0000] {manager.py:759} INFO - Searching for files in /opt/airflow/dags
[2023-09-13T13:02:44.659+0000] {manager.py:762} INFO - There are 2 files in /opt/airflow/dags
[2023-09-13T13:02:44.675+0000] {manager.py:469} INFO - Exiting gracefully upon receiving signal 15
[2023-09-13T13:02:44.675+0000] {manager.py:469} INFO - Exiting gracefully upon receiving signal 15
[2023-09-13T13:02:44.806+0000] {manager.py:469} INFO - Exiting gracefully upon receiving signal 15
[2023-09-13T13:02:49.812+0000] {manager.py:469} INFO - Exiting gracefully upon receiving signal 15
[2023-09-13T13:02:49.934+0000] {manager.py:487} INFO - Processing files using up to 2 processes at a time 
[2023-09-13T13:02:49.934+0000] {manager.py:488} INFO - Process each file at most once every 30 seconds
[2023-09-13T13:02:49.934+0000] {manager.py:489} INFO - Checking for new files in /opt/airflow/dags every 300 seconds
[2023-09-13T13:02:49.935+0000] {manager.py:759} INFO - Searching for files in /opt/airflow/dags
[2023-09-13T13:02:49.938+0000] {manager.py:762} INFO - There are 2 files in /opt/airflow/dags
[2023-09-13T13:02:49.981+0000] {manager.py:893} INFO - 
================================================================================
DAG File Processing Stats

File Path                              PID  Runtime      # DAGs    # Errors  Last Runtime    Last Run
-----------------------------------  -----  ---------  --------  ----------  --------------  ----------
/opt/airflow/dags/realtime_elt.py     1079  0.01s             0           0
/opt/airflow/dags/orange_day_elt.py   1082  0.01s             0           0
================================================================================
[2023-09-13T13:03:19.970+0000] {manager.py:893} INFO - 
================================================================================
DAG File Processing Stats

File Path                            PID    Runtime      # DAGs    # Errors  Last Runtime    Last Run
-----------------------------------  -----  ---------  --------  ----------  --------------  -------------------
/opt/airflow/dags/realtime_elt.py                             1           0  10.27s          2023-09-13T13:03:00
/opt/airflow/dags/orange_day_elt.py                           1           0  0.25s           2023-09-13T13:02:50
================================================================================
[2023-09-13T13:03:50.259+0000] {manager.py:893} INFO - 
================================================================================
DAG File Processing Stats

File Path                            PID    Runtime      # DAGs    # Errors  Last Runtime    Last Run
-----------------------------------  -----  ---------  --------  ----------  --------------  -------------------
/opt/airflow/dags/realtime_elt.py                             1           0  10.23s          2023-09-13T13:03:41
/opt/airflow/dags/orange_day_elt.py                           1           0  0.19s           2023-09-13T13:03:21
================================================================================
[2023-09-13T13:04:03.090+0000] {manager.py:469} INFO - Exiting gracefully upon receiving signal 15
[2023-09-13T13:04:32.359+0000] {manager.py:487} INFO - Processing files using up to 2 processes at a time 
[2023-09-13T13:04:32.359+0000] {manager.py:488} INFO - Process each file at most once every 30 seconds
[2023-09-13T13:04:32.359+0000] {manager.py:489} INFO - Checking for new files in /opt/airflow/dags every 300 seconds
[2023-09-13T13:04:32.359+0000] {manager.py:759} INFO - Searching for files in /opt/airflow/dags
[2023-09-13T13:04:32.363+0000] {manager.py:762} INFO - There are 2 files in /opt/airflow/dags
[2023-09-13T13:04:32.425+0000] {manager.py:893} INFO - 
================================================================================
DAG File Processing Stats

File Path                              PID  Runtime      # DAGs    # Errors  Last Runtime    Last Run
-----------------------------------  -----  ---------  --------  ----------  --------------  ----------
/opt/airflow/dags/realtime_elt.py      172  0.02s             0           0
/opt/airflow/dags/orange_day_elt.py    175  0.02s             0           0
================================================================================
[2023-09-13T13:05:02.528+0000] {manager.py:893} INFO - 
================================================================================
DAG File Processing Stats

File Path                            PID    Runtime      # DAGs    # Errors  Last Runtime    Last Run
-----------------------------------  -----  ---------  --------  ----------  --------------  -------------------
/opt/airflow/dags/realtime_elt.py                             1           0  1.23s           2023-09-13T13:04:33
/opt/airflow/dags/orange_day_elt.py                           1           0  0.37s           2023-09-13T13:04:32
================================================================================
[2023-09-13T13:05:32.692+0000] {manager.py:893} INFO - 
================================================================================
DAG File Processing Stats

File Path                            PID    Runtime      # DAGs    # Errors  Last Runtime    Last Run
-----------------------------------  -----  ---------  --------  ----------  --------------  -------------------
/opt/airflow/dags/realtime_elt.py                             0           1  0.04s           2023-09-13T13:05:23
/opt/airflow/dags/orange_day_elt.py                           1           0  0.26s           2023-09-13T13:05:03
================================================================================
[2023-09-13T13:06:02.814+0000] {manager.py:893} INFO - 
================================================================================
DAG File Processing Stats

File Path                            PID    Runtime      # DAGs    # Errors  Last Runtime    Last Run
-----------------------------------  -----  ---------  --------  ----------  --------------  -------------------
/opt/airflow/dags/realtime_elt.py                             0           1  0.04s           2023-09-13T13:05:53
/opt/airflow/dags/orange_day_elt.py                           1           0  0.25s           2023-09-13T13:05:34
================================================================================
[2023-09-13T13:06:33.506+0000] {manager.py:893} INFO - 
================================================================================
DAG File Processing Stats

File Path                            PID    Runtime      # DAGs    # Errors  Last Runtime    Last Run
-----------------------------------  -----  ---------  --------  ----------  --------------  -------------------
/opt/airflow/dags/realtime_elt.py                             1           0  0.52s           2023-09-13T13:06:29
/opt/airflow/dags/orange_day_elt.py                           1           0  0.25s           2023-09-13T13:06:06
================================================================================
[2023-09-13T13:07:04.043+0000] {manager.py:893} INFO - 
================================================================================
DAG File Processing Stats

File Path                            PID    Runtime      # DAGs    # Errors  Last Runtime    Last Run
-----------------------------------  -----  ---------  --------  ----------  --------------  -------------------
/opt/airflow/dags/realtime_elt.py                             1           0  0.19s           2023-09-13T13:06:55
/opt/airflow/dags/orange_day_elt.py                           1           0  0.25s           2023-09-13T13:06:36
================================================================================
[2023-09-13T13:07:34.389+0000] {manager.py:893} INFO - 
================================================================================
DAG File Processing Stats

File Path                            PID    Runtime      # DAGs    # Errors  Last Runtime    Last Run
-----------------------------------  -----  ---------  --------  ----------  --------------  -------------------
/opt/airflow/dags/realtime_elt.py                             1           0  0.27s           2023-09-13T13:07:25
/opt/airflow/dags/orange_day_elt.py                           1           0  0.26s           2023-09-13T13:07:07
================================================================================
[2023-09-13T13:08:04.896+0000] {manager.py:893} INFO - 
================================================================================
DAG File Processing Stats

File Path                            PID    Runtime      # DAGs    # Errors  Last Runtime    Last Run
-----------------------------------  -----  ---------  --------  ----------  --------------  -------------------
/opt/airflow/dags/realtime_elt.py                             1           0  0.26s           2023-09-13T13:07:55
/opt/airflow/dags/orange_day_elt.py                           1           0  0.26s           2023-09-13T13:07:37
================================================================================
[2023-09-13T13:08:35.214+0000] {manager.py:893} INFO - 
================================================================================
DAG File Processing Stats

File Path                            PID    Runtime      # DAGs    # Errors  Last Runtime    Last Run
-----------------------------------  -----  ---------  --------  ----------  --------------  -------------------
/opt/airflow/dags/realtime_elt.py                             1           0  0.21s           2023-09-13T13:08:06
/opt/airflow/dags/orange_day_elt.py                           1           0  0.25s           2023-09-13T13:08:08
================================================================================
[2023-09-13T13:09:05.569+0000] {manager.py:893} INFO - 
================================================================================
DAG File Processing Stats

File Path                            PID    Runtime      # DAGs    # Errors  Last Runtime    Last Run
-----------------------------------  -----  ---------  --------  ----------  --------------  -------------------
/opt/airflow/dags/realtime_elt.py                             1           0  0.24s           2023-09-13T13:08:36
/opt/airflow/dags/orange_day_elt.py                           1           0  0.26s           2023-09-13T13:08:38
================================================================================
[2023-09-13T13:09:32.926+0000] {manager.py:759} INFO - Searching for files in /opt/airflow/dags
[2023-09-13T13:09:32.930+0000] {manager.py:762} INFO - There are 2 files in /opt/airflow/dags
[2023-09-13T13:09:35.950+0000] {manager.py:893} INFO - 
================================================================================
DAG File Processing Stats

File Path                            PID    Runtime      # DAGs    # Errors  Last Runtime    Last Run
-----------------------------------  -----  ---------  --------  ----------  --------------  -------------------
/opt/airflow/dags/realtime_elt.py                             1           0  0.25s           2023-09-13T13:09:06
/opt/airflow/dags/orange_day_elt.py                           1           0  0.25s           2023-09-13T13:09:08
================================================================================
[2023-09-13T13:10:06.317+0000] {manager.py:893} INFO - 
================================================================================
DAG File Processing Stats

File Path                            PID    Runtime      # DAGs    # Errors  Last Runtime    Last Run
-----------------------------------  -----  ---------  --------  ----------  --------------  -------------------
/opt/airflow/dags/realtime_elt.py                             1           0  0.25s           2023-09-13T13:09:37
/opt/airflow/dags/orange_day_elt.py                           1           0  0.26s           2023-09-13T13:09:39
================================================================================
[2023-09-13T13:10:36.690+0000] {manager.py:893} INFO - 
================================================================================
DAG File Processing Stats

File Path                            PID    Runtime      # DAGs    # Errors  Last Runtime    Last Run
-----------------------------------  -----  ---------  --------  ----------  --------------  -------------------
/opt/airflow/dags/realtime_elt.py                             1           0  0.26s           2023-09-13T13:10:07
/opt/airflow/dags/orange_day_elt.py                           1           0  0.24s           2023-09-13T13:10:09
================================================================================
[2023-09-13T13:11:07.051+0000] {manager.py:893} INFO - 
================================================================================
DAG File Processing Stats

File Path                            PID    Runtime      # DAGs    # Errors  Last Runtime    Last Run
-----------------------------------  -----  ---------  --------  ----------  --------------  -------------------
/opt/airflow/dags/realtime_elt.py                             1           0  0.25s           2023-09-13T13:10:37
/opt/airflow/dags/orange_day_elt.py                           1           0  0.26s           2023-09-13T13:10:39
================================================================================
[2023-09-13T13:11:37.419+0000] {manager.py:893} INFO - 
================================================================================
DAG File Processing Stats

File Path                            PID    Runtime      # DAGs    # Errors  Last Runtime    Last Run
-----------------------------------  -----  ---------  --------  ----------  --------------  -------------------
/opt/airflow/dags/realtime_elt.py                             1           0  0.26s           2023-09-13T13:11:08
/opt/airflow/dags/orange_day_elt.py                           1           0  0.26s           2023-09-13T13:11:10
================================================================================
[2023-09-13T13:12:07.788+0000] {manager.py:893} INFO - 
================================================================================
DAG File Processing Stats

File Path                            PID    Runtime      # DAGs    # Errors  Last Runtime    Last Run
-----------------------------------  -----  ---------  --------  ----------  --------------  -------------------
/opt/airflow/dags/realtime_elt.py                             1           0  0.26s           2023-09-13T13:11:38
/opt/airflow/dags/orange_day_elt.py                           1           0  0.26s           2023-09-13T13:11:40
================================================================================
[2023-09-13T13:12:37.918+0000] {manager.py:893} INFO - 
================================================================================
DAG File Processing Stats

File Path                            PID    Runtime      # DAGs    # Errors  Last Runtime    Last Run
-----------------------------------  -----  ---------  --------  ----------  --------------  -------------------
/opt/airflow/dags/realtime_elt.py                             1           0  0.20s           2023-09-13T13:12:35
/opt/airflow/dags/orange_day_elt.py                           1           0  0.25s           2023-09-13T13:12:11
================================================================================
[2023-09-13T13:13:08.472+0000] {manager.py:893} INFO - 
================================================================================
DAG File Processing Stats

File Path                            PID    Runtime      # DAGs    # Errors  Last Runtime    Last Run
-----------------------------------  -----  ---------  --------  ----------  --------------  -------------------
/opt/airflow/dags/realtime_elt.py                             1           0  0.26s           2023-09-13T13:13:05
/opt/airflow/dags/orange_day_elt.py                           1           0  0.27s           2023-09-13T13:12:41
================================================================================
[2023-09-13T13:13:38.819+0000] {manager.py:893} INFO - 
================================================================================
DAG File Processing Stats

File Path                            PID    Runtime      # DAGs    # Errors  Last Runtime    Last Run
-----------------------------------  -----  ---------  --------  ----------  --------------  -------------------
/opt/airflow/dags/realtime_elt.py                             1           0  0.24s           2023-09-13T13:13:35
/opt/airflow/dags/orange_day_elt.py                           1           0  0.26s           2023-09-13T13:13:11
================================================================================
[2023-09-13T13:14:09.181+0000] {manager.py:893} INFO - 
================================================================================
DAG File Processing Stats

File Path                            PID    Runtime      # DAGs    # Errors  Last Runtime    Last Run
-----------------------------------  -----  ---------  --------  ----------  --------------  -------------------
/opt/airflow/dags/realtime_elt.py                             1           0  0.26s           2023-09-13T13:14:06
/opt/airflow/dags/orange_day_elt.py                           1           0  0.27s           2023-09-13T13:13:42
================================================================================
[2023-09-13T13:14:33.274+0000] {manager.py:759} INFO - Searching for files in /opt/airflow/dags
[2023-09-13T13:14:33.278+0000] {manager.py:762} INFO - There are 2 files in /opt/airflow/dags
[2023-09-13T13:14:39.538+0000] {manager.py:893} INFO - 
================================================================================
DAG File Processing Stats

File Path                            PID    Runtime      # DAGs    # Errors  Last Runtime    Last Run
-----------------------------------  -----  ---------  --------  ----------  --------------  -------------------
/opt/airflow/dags/realtime_elt.py                             1           0  0.26s           2023-09-13T13:14:36
/opt/airflow/dags/orange_day_elt.py                           1           0  0.26s           2023-09-13T13:14:12
================================================================================
[2023-09-13T13:14:55.590+0000] {manager.py:469} INFO - Exiting gracefully upon receiving signal 15
[2023-09-13T13:14:55.590+0000] {manager.py:469} INFO - Exiting gracefully upon receiving signal 15
[2023-09-13T13:14:55.681+0000] {manager.py:469} INFO - Exiting gracefully upon receiving signal 15
[2023-09-13T13:15:30.486+0000] {manager.py:487} INFO - Processing files using up to 2 processes at a time 
[2023-09-13T13:15:30.487+0000] {manager.py:488} INFO - Process each file at most once every 30 seconds
[2023-09-13T13:15:30.487+0000] {manager.py:489} INFO - Checking for new files in /opt/airflow/dags every 300 seconds
[2023-09-13T13:15:30.487+0000] {manager.py:759} INFO - Searching for files in /opt/airflow/dags
[2023-09-13T13:15:30.490+0000] {manager.py:762} INFO - There are 2 files in /opt/airflow/dags
[2023-09-13T13:15:30.552+0000] {manager.py:893} INFO - 
================================================================================
DAG File Processing Stats

File Path                              PID  Runtime      # DAGs    # Errors  Last Runtime    Last Run
-----------------------------------  -----  ---------  --------  ----------  --------------  ----------
/opt/airflow/dags/realtime_elt.py      172  0.02s             0           0
/opt/airflow/dags/orange_day_elt.py    175  0.02s             0           0
================================================================================
[2023-09-13T13:16:00.651+0000] {manager.py:893} INFO - 
================================================================================
DAG File Processing Stats

File Path                            PID    Runtime      # DAGs    # Errors  Last Runtime    Last Run
-----------------------------------  -----  ---------  --------  ----------  --------------  -------------------
/opt/airflow/dags/realtime_elt.py                             1           0  10.35s          2023-09-13T13:15:40
/opt/airflow/dags/orange_day_elt.py                           1           0  0.37s           2023-09-13T13:15:30
================================================================================
[2023-09-13T13:16:31.056+0000] {manager.py:893} INFO - 
================================================================================
DAG File Processing Stats

File Path                            PID    Runtime      # DAGs    # Errors  Last Runtime    Last Run
-----------------------------------  -----  ---------  --------  ----------  --------------  -------------------
/opt/airflow/dags/realtime_elt.py                             1           0  10.29s          2023-09-13T13:16:21
/opt/airflow/dags/orange_day_elt.py                           1           0  0.32s           2023-09-13T13:16:01
================================================================================
[2023-09-13T13:16:49.877+0000] {manager.py:469} INFO - Exiting gracefully upon receiving signal 15
[2023-09-13T13:21:06.614+0000] {manager.py:487} INFO - Processing files using up to 2 processes at a time 
[2023-09-13T13:21:06.614+0000] {manager.py:488} INFO - Process each file at most once every 30 seconds
[2023-09-13T13:21:06.614+0000] {manager.py:489} INFO - Checking for new files in /opt/airflow/dags every 300 seconds
[2023-09-13T13:21:06.615+0000] {manager.py:759} INFO - Searching for files in /opt/airflow/dags
[2023-09-13T13:21:06.618+0000] {manager.py:762} INFO - There are 2 files in /opt/airflow/dags
[2023-09-13T13:21:06.679+0000] {manager.py:893} INFO - 
================================================================================
DAG File Processing Stats

File Path                              PID  Runtime      # DAGs    # Errors  Last Runtime    Last Run
-----------------------------------  -----  ---------  --------  ----------  --------------  ----------
/opt/airflow/dags/realtime_elt.py      171  0.02s             0           0
/opt/airflow/dags/orange_day_elt.py    175  0.02s             0           0
================================================================================
[2023-09-13T13:21:37.045+0000] {manager.py:893} INFO - 
================================================================================
DAG File Processing Stats

File Path                              PID  Runtime      # DAGs    # Errors  Last Runtime    Last Run
-----------------------------------  -----  ---------  --------  ----------  --------------  -------------------
/opt/airflow/dags/realtime_elt.py      189  0.00s             0           1  0.28s           2023-09-13T13:21:06
/opt/airflow/dags/orange_day_elt.py                           1           0  0.41s           2023-09-13T13:21:07
================================================================================
[2023-09-13T13:22:07.342+0000] {manager.py:893} INFO - 
================================================================================
DAG File Processing Stats

File Path                              PID  Runtime      # DAGs    # Errors  Last Runtime    Last Run
-----------------------------------  -----  ---------  --------  ----------  --------------  -------------------
/opt/airflow/dags/realtime_elt.py      206  0.00s             0           1  0.18s           2023-09-13T13:21:37
/opt/airflow/dags/orange_day_elt.py                           1           0  0.24s           2023-09-13T13:21:37
================================================================================
[2023-09-13T13:22:37.719+0000] {manager.py:893} INFO - 
================================================================================
DAG File Processing Stats

File Path                              PID  Runtime      # DAGs    # Errors  Last Runtime    Last Run
-----------------------------------  -----  ---------  --------  ----------  --------------  -------------------
/opt/airflow/dags/realtime_elt.py      239  0.01s             1           0  0.26s           2023-09-13T13:22:07
/opt/airflow/dags/orange_day_elt.py    242  0.00s             1           0  0.24s           2023-09-13T13:22:07
================================================================================
[2023-09-13T13:23:08.094+0000] {manager.py:893} INFO - 
================================================================================
DAG File Processing Stats

File Path                              PID  Runtime      # DAGs    # Errors  Last Runtime    Last Run
-----------------------------------  -----  ---------  --------  ----------  --------------  -------------------
/opt/airflow/dags/realtime_elt.py      256  0.01s             1           0  0.28s           2023-09-13T13:22:37
/opt/airflow/dags/orange_day_elt.py    259  0.00s             1           0  0.26s           2023-09-13T13:22:37
================================================================================
[2023-09-13T13:23:24.406+0000] {manager.py:469} INFO - Exiting gracefully upon receiving signal 15
[2023-09-13T13:24:07.201+0000] {manager.py:487} INFO - Processing files using up to 2 processes at a time 
[2023-09-13T13:24:07.202+0000] {manager.py:488} INFO - Process each file at most once every 30 seconds
[2023-09-13T13:24:07.202+0000] {manager.py:489} INFO - Checking for new files in /opt/airflow/dags every 300 seconds
[2023-09-13T13:24:07.202+0000] {manager.py:759} INFO - Searching for files in /opt/airflow/dags
[2023-09-13T13:24:07.205+0000] {manager.py:762} INFO - There are 2 files in /opt/airflow/dags
[2023-09-13T13:24:07.278+0000] {manager.py:893} INFO - 
================================================================================
DAG File Processing Stats

File Path                              PID  Runtime      # DAGs    # Errors  Last Runtime    Last Run
-----------------------------------  -----  ---------  --------  ----------  --------------  ----------
/opt/airflow/dags/realtime_elt.py      171  0.03s             0           0
/opt/airflow/dags/orange_day_elt.py    175  0.02s             0           0
================================================================================
[2023-09-13T13:24:37.734+0000] {manager.py:893} INFO - 
================================================================================
DAG File Processing Stats

File Path                              PID  Runtime      # DAGs    # Errors  Last Runtime    Last Run
-----------------------------------  -----  ---------  --------  ----------  --------------  -------------------
/opt/airflow/dags/realtime_elt.py      190  0.01s             1           0  0.38s           2023-09-13T13:24:07
/opt/airflow/dags/orange_day_elt.py    193  0.00s             1           0  0.37s           2023-09-13T13:24:07
================================================================================
[2023-09-13T13:25:07.838+0000] {manager.py:893} INFO - 
================================================================================
DAG File Processing Stats

File Path                            PID    Runtime      # DAGs    # Errors  Last Runtime    Last Run
-----------------------------------  -----  ---------  --------  ----------  --------------  -------------------
/opt/airflow/dags/realtime_elt.py                             1           0  0.26s           2023-09-13T13:24:37
/opt/airflow/dags/orange_day_elt.py                           1           0  0.26s           2023-09-13T13:24:37
================================================================================
[2023-09-13T13:25:27.372+0000] {manager.py:469} INFO - Exiting gracefully upon receiving signal 15
