[2023-09-18T14:50:43.090+0000] {processor.py:157} INFO - Started process (PID=171) to work on /opt/airflow/dags/realtime_elt.py
[2023-09-18T14:50:43.092+0000] {processor.py:829} INFO - Processing file /opt/airflow/dags/realtime_elt.py for tasks to queue
[2023-09-18T14:50:43.092+0000] {logging_mixin.py:151} INFO - [2023-09-18T14:50:43.092+0000] {dagbag.py:539} INFO - Filling up the DagBag from /opt/airflow/dags/realtime_elt.py
[2023-09-18T14:50:43.441+0000] {processor.py:839} INFO - DAG(s) dict_keys(['realtime_elt']) retrieved from /opt/airflow/dags/realtime_elt.py
[2023-09-18T14:50:43.568+0000] {logging_mixin.py:151} INFO - [2023-09-18T14:50:43.568+0000] {security.py:708} INFO - Not syncing DAG-level permissions for DAG 'DAG:realtime_elt' as access control is unset.
[2023-09-18T14:50:43.569+0000] {logging_mixin.py:151} INFO - [2023-09-18T14:50:43.568+0000] {dag.py:2915} INFO - Sync 1 DAGs
[2023-09-18T14:50:43.583+0000] {logging_mixin.py:151} INFO - [2023-09-18T14:50:43.583+0000] {dag.py:3696} INFO - Setting next_dagrun for realtime_elt to 2023-09-19T00:00:00+00:00, run_after=2023-09-20T00:00:00+00:00
[2023-09-18T14:50:43.612+0000] {processor.py:179} INFO - Processing /opt/airflow/dags/realtime_elt.py took 0.526 seconds
[2023-09-18T14:51:13.761+0000] {processor.py:157} INFO - Started process (PID=188) to work on /opt/airflow/dags/realtime_elt.py
[2023-09-18T14:51:13.763+0000] {processor.py:829} INFO - Processing file /opt/airflow/dags/realtime_elt.py for tasks to queue
[2023-09-18T14:51:13.765+0000] {logging_mixin.py:151} INFO - [2023-09-18T14:51:13.764+0000] {dagbag.py:539} INFO - Filling up the DagBag from /opt/airflow/dags/realtime_elt.py
[2023-09-18T14:51:13.993+0000] {processor.py:839} INFO - DAG(s) dict_keys(['realtime_elt']) retrieved from /opt/airflow/dags/realtime_elt.py
[2023-09-18T14:51:14.061+0000] {logging_mixin.py:151} INFO - [2023-09-18T14:51:14.061+0000] {security.py:708} INFO - Not syncing DAG-level permissions for DAG 'DAG:realtime_elt' as access control is unset.
[2023-09-18T14:51:14.062+0000] {logging_mixin.py:151} INFO - [2023-09-18T14:51:14.061+0000] {dag.py:2915} INFO - Sync 1 DAGs
[2023-09-18T14:51:14.075+0000] {logging_mixin.py:151} INFO - [2023-09-18T14:51:14.075+0000] {dag.py:3696} INFO - Setting next_dagrun for realtime_elt to 2023-09-19T00:00:00+00:00, run_after=2023-09-20T00:00:00+00:00
[2023-09-18T14:51:14.087+0000] {processor.py:179} INFO - Processing /opt/airflow/dags/realtime_elt.py took 0.334 seconds
[2023-09-18T14:51:44.222+0000] {processor.py:157} INFO - Started process (PID=205) to work on /opt/airflow/dags/realtime_elt.py
[2023-09-18T14:51:44.223+0000] {processor.py:829} INFO - Processing file /opt/airflow/dags/realtime_elt.py for tasks to queue
[2023-09-18T14:51:44.224+0000] {logging_mixin.py:151} INFO - [2023-09-18T14:51:44.223+0000] {dagbag.py:539} INFO - Filling up the DagBag from /opt/airflow/dags/realtime_elt.py
[2023-09-18T14:51:44.394+0000] {processor.py:839} INFO - DAG(s) dict_keys(['realtime_elt']) retrieved from /opt/airflow/dags/realtime_elt.py
[2023-09-18T14:51:44.461+0000] {logging_mixin.py:151} INFO - [2023-09-18T14:51:44.461+0000] {security.py:708} INFO - Not syncing DAG-level permissions for DAG 'DAG:realtime_elt' as access control is unset.
[2023-09-18T14:51:44.462+0000] {logging_mixin.py:151} INFO - [2023-09-18T14:51:44.461+0000] {dag.py:2915} INFO - Sync 1 DAGs
[2023-09-18T14:51:44.479+0000] {logging_mixin.py:151} INFO - [2023-09-18T14:51:44.478+0000] {dag.py:3696} INFO - Setting next_dagrun for realtime_elt to 2023-09-19T00:00:00+00:00, run_after=2023-09-20T00:00:00+00:00
[2023-09-18T14:51:44.492+0000] {processor.py:179} INFO - Processing /opt/airflow/dags/realtime_elt.py took 0.273 seconds
[2023-09-18T14:52:14.629+0000] {processor.py:157} INFO - Started process (PID=222) to work on /opt/airflow/dags/realtime_elt.py
[2023-09-18T14:52:14.630+0000] {processor.py:829} INFO - Processing file /opt/airflow/dags/realtime_elt.py for tasks to queue
[2023-09-18T14:52:14.631+0000] {logging_mixin.py:151} INFO - [2023-09-18T14:52:14.630+0000] {dagbag.py:539} INFO - Filling up the DagBag from /opt/airflow/dags/realtime_elt.py
[2023-09-18T14:52:14.814+0000] {processor.py:839} INFO - DAG(s) dict_keys(['realtime_elt']) retrieved from /opt/airflow/dags/realtime_elt.py
[2023-09-18T14:52:14.880+0000] {logging_mixin.py:151} INFO - [2023-09-18T14:52:14.879+0000] {security.py:708} INFO - Not syncing DAG-level permissions for DAG 'DAG:realtime_elt' as access control is unset.
[2023-09-18T14:52:14.880+0000] {logging_mixin.py:151} INFO - [2023-09-18T14:52:14.880+0000] {dag.py:2915} INFO - Sync 1 DAGs
[2023-09-18T14:52:14.894+0000] {logging_mixin.py:151} INFO - [2023-09-18T14:52:14.894+0000] {dag.py:3696} INFO - Setting next_dagrun for realtime_elt to 2023-09-19T00:00:00+00:00, run_after=2023-09-20T00:00:00+00:00
[2023-09-18T14:52:14.906+0000] {processor.py:179} INFO - Processing /opt/airflow/dags/realtime_elt.py took 0.280 seconds
[2023-09-18T14:52:45.047+0000] {processor.py:157} INFO - Started process (PID=239) to work on /opt/airflow/dags/realtime_elt.py
[2023-09-18T14:52:45.047+0000] {processor.py:829} INFO - Processing file /opt/airflow/dags/realtime_elt.py for tasks to queue
[2023-09-18T14:52:45.048+0000] {logging_mixin.py:151} INFO - [2023-09-18T14:52:45.048+0000] {dagbag.py:539} INFO - Filling up the DagBag from /opt/airflow/dags/realtime_elt.py
[2023-09-18T14:52:45.201+0000] {processor.py:839} INFO - DAG(s) dict_keys(['realtime_elt']) retrieved from /opt/airflow/dags/realtime_elt.py
[2023-09-18T14:52:45.258+0000] {logging_mixin.py:151} INFO - [2023-09-18T14:52:45.257+0000] {security.py:708} INFO - Not syncing DAG-level permissions for DAG 'DAG:realtime_elt' as access control is unset.
[2023-09-18T14:52:45.258+0000] {logging_mixin.py:151} INFO - [2023-09-18T14:52:45.258+0000] {dag.py:2915} INFO - Sync 1 DAGs
[2023-09-18T14:52:45.272+0000] {logging_mixin.py:151} INFO - [2023-09-18T14:52:45.272+0000] {dag.py:3696} INFO - Setting next_dagrun for realtime_elt to 2023-09-19T00:00:00+00:00, run_after=2023-09-20T00:00:00+00:00
[2023-09-18T14:52:45.284+0000] {processor.py:179} INFO - Processing /opt/airflow/dags/realtime_elt.py took 0.241 seconds
[2023-09-18T14:53:15.428+0000] {processor.py:157} INFO - Started process (PID=256) to work on /opt/airflow/dags/realtime_elt.py
[2023-09-18T14:53:15.430+0000] {processor.py:829} INFO - Processing file /opt/airflow/dags/realtime_elt.py for tasks to queue
[2023-09-18T14:53:15.431+0000] {logging_mixin.py:151} INFO - [2023-09-18T14:53:15.430+0000] {dagbag.py:539} INFO - Filling up the DagBag from /opt/airflow/dags/realtime_elt.py
[2023-09-18T14:53:15.606+0000] {processor.py:839} INFO - DAG(s) dict_keys(['realtime_elt']) retrieved from /opt/airflow/dags/realtime_elt.py
[2023-09-18T14:53:15.661+0000] {logging_mixin.py:151} INFO - [2023-09-18T14:53:15.661+0000] {security.py:708} INFO - Not syncing DAG-level permissions for DAG 'DAG:realtime_elt' as access control is unset.
[2023-09-18T14:53:15.661+0000] {logging_mixin.py:151} INFO - [2023-09-18T14:53:15.661+0000] {dag.py:2915} INFO - Sync 1 DAGs
[2023-09-18T14:53:15.673+0000] {logging_mixin.py:151} INFO - [2023-09-18T14:53:15.673+0000] {dag.py:3696} INFO - Setting next_dagrun for realtime_elt to 2023-09-19T00:00:00+00:00, run_after=2023-09-20T00:00:00+00:00
[2023-09-18T14:53:15.683+0000] {processor.py:179} INFO - Processing /opt/airflow/dags/realtime_elt.py took 0.260 seconds
[2023-09-18T14:53:45.854+0000] {processor.py:157} INFO - Started process (PID=273) to work on /opt/airflow/dags/realtime_elt.py
[2023-09-18T14:53:45.855+0000] {processor.py:829} INFO - Processing file /opt/airflow/dags/realtime_elt.py for tasks to queue
[2023-09-18T14:53:45.856+0000] {logging_mixin.py:151} INFO - [2023-09-18T14:53:45.855+0000] {dagbag.py:539} INFO - Filling up the DagBag from /opt/airflow/dags/realtime_elt.py
[2023-09-18T14:53:46.020+0000] {processor.py:839} INFO - DAG(s) dict_keys(['realtime_elt']) retrieved from /opt/airflow/dags/realtime_elt.py
[2023-09-18T14:53:46.080+0000] {logging_mixin.py:151} INFO - [2023-09-18T14:53:46.080+0000] {security.py:708} INFO - Not syncing DAG-level permissions for DAG 'DAG:realtime_elt' as access control is unset.
[2023-09-18T14:53:46.081+0000] {logging_mixin.py:151} INFO - [2023-09-18T14:53:46.080+0000] {dag.py:2915} INFO - Sync 1 DAGs
[2023-09-18T14:53:46.094+0000] {logging_mixin.py:151} INFO - [2023-09-18T14:53:46.094+0000] {dag.py:3696} INFO - Setting next_dagrun for realtime_elt to 2023-09-19T00:00:00+00:00, run_after=2023-09-20T00:00:00+00:00
[2023-09-18T14:53:46.106+0000] {processor.py:179} INFO - Processing /opt/airflow/dags/realtime_elt.py took 0.255 seconds
[2023-09-18T14:54:16.263+0000] {processor.py:157} INFO - Started process (PID=290) to work on /opt/airflow/dags/realtime_elt.py
[2023-09-18T14:54:16.265+0000] {processor.py:829} INFO - Processing file /opt/airflow/dags/realtime_elt.py for tasks to queue
[2023-09-18T14:54:16.266+0000] {logging_mixin.py:151} INFO - [2023-09-18T14:54:16.265+0000] {dagbag.py:539} INFO - Filling up the DagBag from /opt/airflow/dags/realtime_elt.py
[2023-09-18T14:54:16.428+0000] {processor.py:839} INFO - DAG(s) dict_keys(['realtime_elt']) retrieved from /opt/airflow/dags/realtime_elt.py
[2023-09-18T14:54:16.491+0000] {logging_mixin.py:151} INFO - [2023-09-18T14:54:16.491+0000] {security.py:708} INFO - Not syncing DAG-level permissions for DAG 'DAG:realtime_elt' as access control is unset.
[2023-09-18T14:54:16.492+0000] {logging_mixin.py:151} INFO - [2023-09-18T14:54:16.491+0000] {dag.py:2915} INFO - Sync 1 DAGs
[2023-09-18T14:54:16.504+0000] {logging_mixin.py:151} INFO - [2023-09-18T14:54:16.504+0000] {dag.py:3696} INFO - Setting next_dagrun for realtime_elt to 2023-09-19T00:00:00+00:00, run_after=2023-09-20T00:00:00+00:00
[2023-09-18T14:54:16.516+0000] {processor.py:179} INFO - Processing /opt/airflow/dags/realtime_elt.py took 0.256 seconds
[2023-09-18T14:54:46.652+0000] {processor.py:157} INFO - Started process (PID=307) to work on /opt/airflow/dags/realtime_elt.py
[2023-09-18T14:54:46.653+0000] {processor.py:829} INFO - Processing file /opt/airflow/dags/realtime_elt.py for tasks to queue
[2023-09-18T14:54:46.655+0000] {logging_mixin.py:151} INFO - [2023-09-18T14:54:46.654+0000] {dagbag.py:539} INFO - Filling up the DagBag from /opt/airflow/dags/realtime_elt.py
[2023-09-18T14:54:46.807+0000] {processor.py:839} INFO - DAG(s) dict_keys(['realtime_elt']) retrieved from /opt/airflow/dags/realtime_elt.py
[2023-09-18T14:54:46.879+0000] {logging_mixin.py:151} INFO - [2023-09-18T14:54:46.879+0000] {security.py:708} INFO - Not syncing DAG-level permissions for DAG 'DAG:realtime_elt' as access control is unset.
[2023-09-18T14:54:46.880+0000] {logging_mixin.py:151} INFO - [2023-09-18T14:54:46.880+0000] {dag.py:2915} INFO - Sync 1 DAGs
[2023-09-18T14:54:46.893+0000] {logging_mixin.py:151} INFO - [2023-09-18T14:54:46.893+0000] {dag.py:3696} INFO - Setting next_dagrun for realtime_elt to 2023-09-19T00:00:00+00:00, run_after=2023-09-20T00:00:00+00:00
[2023-09-18T14:54:46.904+0000] {processor.py:179} INFO - Processing /opt/airflow/dags/realtime_elt.py took 0.255 seconds
[2023-09-18T14:55:17.012+0000] {processor.py:157} INFO - Started process (PID=324) to work on /opt/airflow/dags/realtime_elt.py
[2023-09-18T14:55:17.013+0000] {processor.py:829} INFO - Processing file /opt/airflow/dags/realtime_elt.py for tasks to queue
[2023-09-18T14:55:17.014+0000] {logging_mixin.py:151} INFO - [2023-09-18T14:55:17.013+0000] {dagbag.py:539} INFO - Filling up the DagBag from /opt/airflow/dags/realtime_elt.py
[2023-09-18T14:55:17.228+0000] {processor.py:839} INFO - DAG(s) dict_keys(['realtime_elt']) retrieved from /opt/airflow/dags/realtime_elt.py
[2023-09-18T14:55:17.293+0000] {logging_mixin.py:151} INFO - [2023-09-18T14:55:17.293+0000] {security.py:708} INFO - Not syncing DAG-level permissions for DAG 'DAG:realtime_elt' as access control is unset.
[2023-09-18T14:55:17.294+0000] {logging_mixin.py:151} INFO - [2023-09-18T14:55:17.294+0000] {dag.py:2915} INFO - Sync 1 DAGs
[2023-09-18T14:55:17.308+0000] {logging_mixin.py:151} INFO - [2023-09-18T14:55:17.308+0000] {dag.py:3696} INFO - Setting next_dagrun for realtime_elt to 2023-09-19T00:00:00+00:00, run_after=2023-09-20T00:00:00+00:00
[2023-09-18T14:55:17.322+0000] {processor.py:179} INFO - Processing /opt/airflow/dags/realtime_elt.py took 0.313 seconds
[2023-09-18T14:55:47.430+0000] {processor.py:157} INFO - Started process (PID=341) to work on /opt/airflow/dags/realtime_elt.py
[2023-09-18T14:55:47.430+0000] {processor.py:829} INFO - Processing file /opt/airflow/dags/realtime_elt.py for tasks to queue
[2023-09-18T14:55:47.431+0000] {logging_mixin.py:151} INFO - [2023-09-18T14:55:47.431+0000] {dagbag.py:539} INFO - Filling up the DagBag from /opt/airflow/dags/realtime_elt.py
[2023-09-18T14:55:47.600+0000] {processor.py:839} INFO - DAG(s) dict_keys(['realtime_elt']) retrieved from /opt/airflow/dags/realtime_elt.py
[2023-09-18T14:55:47.665+0000] {logging_mixin.py:151} INFO - [2023-09-18T14:55:47.665+0000] {security.py:708} INFO - Not syncing DAG-level permissions for DAG 'DAG:realtime_elt' as access control is unset.
[2023-09-18T14:55:47.666+0000] {logging_mixin.py:151} INFO - [2023-09-18T14:55:47.666+0000] {dag.py:2915} INFO - Sync 1 DAGs
[2023-09-18T14:55:47.680+0000] {logging_mixin.py:151} INFO - [2023-09-18T14:55:47.680+0000] {dag.py:3696} INFO - Setting next_dagrun for realtime_elt to 2023-09-19T00:00:00+00:00, run_after=2023-09-20T00:00:00+00:00
[2023-09-18T14:55:47.698+0000] {processor.py:179} INFO - Processing /opt/airflow/dags/realtime_elt.py took 0.272 seconds
[2023-09-18T14:56:17.794+0000] {processor.py:157} INFO - Started process (PID=358) to work on /opt/airflow/dags/realtime_elt.py
[2023-09-18T14:56:17.795+0000] {processor.py:829} INFO - Processing file /opt/airflow/dags/realtime_elt.py for tasks to queue
[2023-09-18T14:56:17.796+0000] {logging_mixin.py:151} INFO - [2023-09-18T14:56:17.795+0000] {dagbag.py:539} INFO - Filling up the DagBag from /opt/airflow/dags/realtime_elt.py
[2023-09-18T14:56:17.968+0000] {processor.py:839} INFO - DAG(s) dict_keys(['realtime_elt']) retrieved from /opt/airflow/dags/realtime_elt.py
[2023-09-18T14:56:18.039+0000] {logging_mixin.py:151} INFO - [2023-09-18T14:56:18.039+0000] {security.py:708} INFO - Not syncing DAG-level permissions for DAG 'DAG:realtime_elt' as access control is unset.
[2023-09-18T14:56:18.040+0000] {logging_mixin.py:151} INFO - [2023-09-18T14:56:18.040+0000] {dag.py:2915} INFO - Sync 1 DAGs
[2023-09-18T14:56:18.053+0000] {logging_mixin.py:151} INFO - [2023-09-18T14:56:18.053+0000] {dag.py:3696} INFO - Setting next_dagrun for realtime_elt to 2023-09-19T00:00:00+00:00, run_after=2023-09-20T00:00:00+00:00
[2023-09-18T14:56:18.112+0000] {processor.py:179} INFO - Processing /opt/airflow/dags/realtime_elt.py took 0.321 seconds
[2023-09-18T14:56:48.211+0000] {processor.py:157} INFO - Started process (PID=375) to work on /opt/airflow/dags/realtime_elt.py
[2023-09-18T14:56:48.212+0000] {processor.py:829} INFO - Processing file /opt/airflow/dags/realtime_elt.py for tasks to queue
[2023-09-18T14:56:48.213+0000] {logging_mixin.py:151} INFO - [2023-09-18T14:56:48.212+0000] {dagbag.py:539} INFO - Filling up the DagBag from /opt/airflow/dags/realtime_elt.py
[2023-09-18T14:56:48.379+0000] {processor.py:839} INFO - DAG(s) dict_keys(['realtime_elt']) retrieved from /opt/airflow/dags/realtime_elt.py
[2023-09-18T14:56:48.448+0000] {logging_mixin.py:151} INFO - [2023-09-18T14:56:48.447+0000] {security.py:708} INFO - Not syncing DAG-level permissions for DAG 'DAG:realtime_elt' as access control is unset.
[2023-09-18T14:56:48.448+0000] {logging_mixin.py:151} INFO - [2023-09-18T14:56:48.448+0000] {dag.py:2915} INFO - Sync 1 DAGs
[2023-09-18T14:56:48.459+0000] {logging_mixin.py:151} INFO - [2023-09-18T14:56:48.459+0000] {dag.py:3696} INFO - Setting next_dagrun for realtime_elt to 2023-09-19T00:00:00+00:00, run_after=2023-09-20T00:00:00+00:00
[2023-09-18T14:56:48.470+0000] {processor.py:179} INFO - Processing /opt/airflow/dags/realtime_elt.py took 0.262 seconds
[2023-09-18T14:57:18.558+0000] {processor.py:157} INFO - Started process (PID=392) to work on /opt/airflow/dags/realtime_elt.py
[2023-09-18T14:57:18.558+0000] {processor.py:829} INFO - Processing file /opt/airflow/dags/realtime_elt.py for tasks to queue
[2023-09-18T14:57:18.559+0000] {logging_mixin.py:151} INFO - [2023-09-18T14:57:18.559+0000] {dagbag.py:539} INFO - Filling up the DagBag from /opt/airflow/dags/realtime_elt.py
[2023-09-18T14:57:18.710+0000] {processor.py:839} INFO - DAG(s) dict_keys(['realtime_elt']) retrieved from /opt/airflow/dags/realtime_elt.py
[2023-09-18T14:57:18.771+0000] {logging_mixin.py:151} INFO - [2023-09-18T14:57:18.771+0000] {security.py:708} INFO - Not syncing DAG-level permissions for DAG 'DAG:realtime_elt' as access control is unset.
[2023-09-18T14:57:18.772+0000] {logging_mixin.py:151} INFO - [2023-09-18T14:57:18.771+0000] {dag.py:2915} INFO - Sync 1 DAGs
[2023-09-18T14:57:18.786+0000] {logging_mixin.py:151} INFO - [2023-09-18T14:57:18.786+0000] {dag.py:3696} INFO - Setting next_dagrun for realtime_elt to 2023-09-19T00:00:00+00:00, run_after=2023-09-20T00:00:00+00:00
[2023-09-18T14:57:18.824+0000] {processor.py:179} INFO - Processing /opt/airflow/dags/realtime_elt.py took 0.268 seconds
[2023-09-18T14:57:48.922+0000] {processor.py:157} INFO - Started process (PID=409) to work on /opt/airflow/dags/realtime_elt.py
[2023-09-18T14:57:48.923+0000] {processor.py:829} INFO - Processing file /opt/airflow/dags/realtime_elt.py for tasks to queue
[2023-09-18T14:57:48.924+0000] {logging_mixin.py:151} INFO - [2023-09-18T14:57:48.923+0000] {dagbag.py:539} INFO - Filling up the DagBag from /opt/airflow/dags/realtime_elt.py
[2023-09-18T14:57:49.082+0000] {processor.py:839} INFO - DAG(s) dict_keys(['realtime_elt']) retrieved from /opt/airflow/dags/realtime_elt.py
[2023-09-18T14:57:49.140+0000] {logging_mixin.py:151} INFO - [2023-09-18T14:57:49.139+0000] {security.py:708} INFO - Not syncing DAG-level permissions for DAG 'DAG:realtime_elt' as access control is unset.
[2023-09-18T14:57:49.140+0000] {logging_mixin.py:151} INFO - [2023-09-18T14:57:49.140+0000] {dag.py:2915} INFO - Sync 1 DAGs
[2023-09-18T14:57:49.152+0000] {logging_mixin.py:151} INFO - [2023-09-18T14:57:49.152+0000] {dag.py:3696} INFO - Setting next_dagrun for realtime_elt to 2023-09-19T00:00:00+00:00, run_after=2023-09-20T00:00:00+00:00
[2023-09-18T14:57:49.163+0000] {processor.py:179} INFO - Processing /opt/airflow/dags/realtime_elt.py took 0.244 seconds
[2023-09-18T14:58:19.263+0000] {processor.py:157} INFO - Started process (PID=426) to work on /opt/airflow/dags/realtime_elt.py
[2023-09-18T14:58:19.265+0000] {processor.py:829} INFO - Processing file /opt/airflow/dags/realtime_elt.py for tasks to queue
[2023-09-18T14:58:19.266+0000] {logging_mixin.py:151} INFO - [2023-09-18T14:58:19.265+0000] {dagbag.py:539} INFO - Filling up the DagBag from /opt/airflow/dags/realtime_elt.py
[2023-09-18T14:58:19.427+0000] {processor.py:839} INFO - DAG(s) dict_keys(['realtime_elt']) retrieved from /opt/airflow/dags/realtime_elt.py
[2023-09-18T14:58:19.484+0000] {logging_mixin.py:151} INFO - [2023-09-18T14:58:19.483+0000] {security.py:708} INFO - Not syncing DAG-level permissions for DAG 'DAG:realtime_elt' as access control is unset.
[2023-09-18T14:58:19.484+0000] {logging_mixin.py:151} INFO - [2023-09-18T14:58:19.484+0000] {dag.py:2915} INFO - Sync 1 DAGs
[2023-09-18T14:58:19.496+0000] {logging_mixin.py:151} INFO - [2023-09-18T14:58:19.496+0000] {dag.py:3696} INFO - Setting next_dagrun for realtime_elt to 2023-09-19T00:00:00+00:00, run_after=2023-09-20T00:00:00+00:00
[2023-09-18T14:58:19.507+0000] {processor.py:179} INFO - Processing /opt/airflow/dags/realtime_elt.py took 0.247 seconds
[2023-09-18T14:58:49.598+0000] {processor.py:157} INFO - Started process (PID=443) to work on /opt/airflow/dags/realtime_elt.py
[2023-09-18T14:58:49.599+0000] {processor.py:829} INFO - Processing file /opt/airflow/dags/realtime_elt.py for tasks to queue
[2023-09-18T14:58:49.600+0000] {logging_mixin.py:151} INFO - [2023-09-18T14:58:49.600+0000] {dagbag.py:539} INFO - Filling up the DagBag from /opt/airflow/dags/realtime_elt.py
[2023-09-18T14:58:49.758+0000] {processor.py:839} INFO - DAG(s) dict_keys(['realtime_elt']) retrieved from /opt/airflow/dags/realtime_elt.py
[2023-09-18T14:58:49.821+0000] {logging_mixin.py:151} INFO - [2023-09-18T14:58:49.821+0000] {security.py:708} INFO - Not syncing DAG-level permissions for DAG 'DAG:realtime_elt' as access control is unset.
[2023-09-18T14:58:49.822+0000] {logging_mixin.py:151} INFO - [2023-09-18T14:58:49.822+0000] {dag.py:2915} INFO - Sync 1 DAGs
[2023-09-18T14:58:49.834+0000] {logging_mixin.py:151} INFO - [2023-09-18T14:58:49.833+0000] {dag.py:3696} INFO - Setting next_dagrun for realtime_elt to 2023-09-19T00:00:00+00:00, run_after=2023-09-20T00:00:00+00:00
[2023-09-18T14:58:49.844+0000] {processor.py:179} INFO - Processing /opt/airflow/dags/realtime_elt.py took 0.249 seconds
[2023-09-18T14:59:19.968+0000] {processor.py:157} INFO - Started process (PID=460) to work on /opt/airflow/dags/realtime_elt.py
[2023-09-18T14:59:19.969+0000] {processor.py:829} INFO - Processing file /opt/airflow/dags/realtime_elt.py for tasks to queue
[2023-09-18T14:59:19.969+0000] {logging_mixin.py:151} INFO - [2023-09-18T14:59:19.969+0000] {dagbag.py:539} INFO - Filling up the DagBag from /opt/airflow/dags/realtime_elt.py
[2023-09-18T14:59:20.121+0000] {processor.py:839} INFO - DAG(s) dict_keys(['realtime_elt']) retrieved from /opt/airflow/dags/realtime_elt.py
[2023-09-18T14:59:20.183+0000] {logging_mixin.py:151} INFO - [2023-09-18T14:59:20.182+0000] {security.py:708} INFO - Not syncing DAG-level permissions for DAG 'DAG:realtime_elt' as access control is unset.
[2023-09-18T14:59:20.183+0000] {logging_mixin.py:151} INFO - [2023-09-18T14:59:20.183+0000] {dag.py:2915} INFO - Sync 1 DAGs
[2023-09-18T14:59:20.196+0000] {logging_mixin.py:151} INFO - [2023-09-18T14:59:20.196+0000] {dag.py:3696} INFO - Setting next_dagrun for realtime_elt to 2023-09-19T00:00:00+00:00, run_after=2023-09-20T00:00:00+00:00
[2023-09-18T14:59:20.207+0000] {processor.py:179} INFO - Processing /opt/airflow/dags/realtime_elt.py took 0.241 seconds
[2023-09-18T14:59:50.304+0000] {processor.py:157} INFO - Started process (PID=477) to work on /opt/airflow/dags/realtime_elt.py
[2023-09-18T14:59:50.305+0000] {processor.py:829} INFO - Processing file /opt/airflow/dags/realtime_elt.py for tasks to queue
[2023-09-18T14:59:50.306+0000] {logging_mixin.py:151} INFO - [2023-09-18T14:59:50.306+0000] {dagbag.py:539} INFO - Filling up the DagBag from /opt/airflow/dags/realtime_elt.py
[2023-09-18T14:59:50.458+0000] {processor.py:839} INFO - DAG(s) dict_keys(['realtime_elt']) retrieved from /opt/airflow/dags/realtime_elt.py
[2023-09-18T14:59:50.530+0000] {logging_mixin.py:151} INFO - [2023-09-18T14:59:50.529+0000] {security.py:708} INFO - Not syncing DAG-level permissions for DAG 'DAG:realtime_elt' as access control is unset.
[2023-09-18T14:59:50.530+0000] {logging_mixin.py:151} INFO - [2023-09-18T14:59:50.530+0000] {dag.py:2915} INFO - Sync 1 DAGs
[2023-09-18T14:59:50.542+0000] {logging_mixin.py:151} INFO - [2023-09-18T14:59:50.542+0000] {dag.py:3696} INFO - Setting next_dagrun for realtime_elt to 2023-09-19T00:00:00+00:00, run_after=2023-09-20T00:00:00+00:00
[2023-09-18T14:59:50.555+0000] {processor.py:179} INFO - Processing /opt/airflow/dags/realtime_elt.py took 0.253 seconds
[2023-09-18T15:00:20.650+0000] {processor.py:157} INFO - Started process (PID=494) to work on /opt/airflow/dags/realtime_elt.py
[2023-09-18T15:00:20.651+0000] {processor.py:829} INFO - Processing file /opt/airflow/dags/realtime_elt.py for tasks to queue
[2023-09-18T15:00:20.651+0000] {logging_mixin.py:151} INFO - [2023-09-18T15:00:20.651+0000] {dagbag.py:539} INFO - Filling up the DagBag from /opt/airflow/dags/realtime_elt.py
[2023-09-18T15:00:20.817+0000] {processor.py:839} INFO - DAG(s) dict_keys(['realtime_elt']) retrieved from /opt/airflow/dags/realtime_elt.py
[2023-09-18T15:00:20.889+0000] {logging_mixin.py:151} INFO - [2023-09-18T15:00:20.889+0000] {security.py:708} INFO - Not syncing DAG-level permissions for DAG 'DAG:realtime_elt' as access control is unset.
[2023-09-18T15:00:20.889+0000] {logging_mixin.py:151} INFO - [2023-09-18T15:00:20.889+0000] {dag.py:2915} INFO - Sync 1 DAGs
[2023-09-18T15:00:20.902+0000] {logging_mixin.py:151} INFO - [2023-09-18T15:00:20.902+0000] {dag.py:3696} INFO - Setting next_dagrun for realtime_elt to 2023-09-19T00:00:00+00:00, run_after=2023-09-20T00:00:00+00:00
[2023-09-18T15:00:20.914+0000] {processor.py:179} INFO - Processing /opt/airflow/dags/realtime_elt.py took 0.267 seconds
[2023-09-18T15:00:51.047+0000] {processor.py:157} INFO - Started process (PID=511) to work on /opt/airflow/dags/realtime_elt.py
[2023-09-18T15:00:51.048+0000] {processor.py:829} INFO - Processing file /opt/airflow/dags/realtime_elt.py for tasks to queue
[2023-09-18T15:00:51.049+0000] {logging_mixin.py:151} INFO - [2023-09-18T15:00:51.048+0000] {dagbag.py:539} INFO - Filling up the DagBag from /opt/airflow/dags/realtime_elt.py
[2023-09-18T15:00:51.207+0000] {processor.py:839} INFO - DAG(s) dict_keys(['realtime_elt']) retrieved from /opt/airflow/dags/realtime_elt.py
[2023-09-18T15:00:51.273+0000] {logging_mixin.py:151} INFO - [2023-09-18T15:00:51.272+0000] {security.py:708} INFO - Not syncing DAG-level permissions for DAG 'DAG:realtime_elt' as access control is unset.
[2023-09-18T15:00:51.273+0000] {logging_mixin.py:151} INFO - [2023-09-18T15:00:51.273+0000] {dag.py:2915} INFO - Sync 1 DAGs
[2023-09-18T15:00:51.286+0000] {logging_mixin.py:151} INFO - [2023-09-18T15:00:51.286+0000] {dag.py:3696} INFO - Setting next_dagrun for realtime_elt to 2023-09-19T00:00:00+00:00, run_after=2023-09-20T00:00:00+00:00
[2023-09-18T15:00:51.298+0000] {processor.py:179} INFO - Processing /opt/airflow/dags/realtime_elt.py took 0.255 seconds
[2023-09-18T15:01:21.432+0000] {processor.py:157} INFO - Started process (PID=528) to work on /opt/airflow/dags/realtime_elt.py
[2023-09-18T15:01:21.433+0000] {processor.py:829} INFO - Processing file /opt/airflow/dags/realtime_elt.py for tasks to queue
[2023-09-18T15:01:21.433+0000] {logging_mixin.py:151} INFO - [2023-09-18T15:01:21.433+0000] {dagbag.py:539} INFO - Filling up the DagBag from /opt/airflow/dags/realtime_elt.py
[2023-09-18T15:01:21.596+0000] {processor.py:839} INFO - DAG(s) dict_keys(['realtime_elt']) retrieved from /opt/airflow/dags/realtime_elt.py
[2023-09-18T15:01:21.654+0000] {logging_mixin.py:151} INFO - [2023-09-18T15:01:21.654+0000] {security.py:708} INFO - Not syncing DAG-level permissions for DAG 'DAG:realtime_elt' as access control is unset.
[2023-09-18T15:01:21.654+0000] {logging_mixin.py:151} INFO - [2023-09-18T15:01:21.654+0000] {dag.py:2915} INFO - Sync 1 DAGs
[2023-09-18T15:01:21.666+0000] {logging_mixin.py:151} INFO - [2023-09-18T15:01:21.666+0000] {dag.py:3696} INFO - Setting next_dagrun for realtime_elt to 2023-09-19T00:00:00+00:00, run_after=2023-09-20T00:00:00+00:00
[2023-09-18T15:01:21.679+0000] {processor.py:179} INFO - Processing /opt/airflow/dags/realtime_elt.py took 0.250 seconds
[2023-09-18T15:03:00.601+0000] {processor.py:157} INFO - Started process (PID=172) to work on /opt/airflow/dags/realtime_elt.py
[2023-09-18T15:03:00.602+0000] {processor.py:829} INFO - Processing file /opt/airflow/dags/realtime_elt.py for tasks to queue
[2023-09-18T15:03:00.603+0000] {logging_mixin.py:151} INFO - [2023-09-18T15:03:00.602+0000] {dagbag.py:539} INFO - Filling up the DagBag from /opt/airflow/dags/realtime_elt.py
[2023-09-18T15:03:00.822+0000] {processor.py:839} INFO - DAG(s) dict_keys(['realtime_elt']) retrieved from /opt/airflow/dags/realtime_elt.py
[2023-09-18T15:03:00.939+0000] {logging_mixin.py:151} INFO - [2023-09-18T15:03:00.939+0000] {security.py:708} INFO - Not syncing DAG-level permissions for DAG 'DAG:realtime_elt' as access control is unset.
[2023-09-18T15:03:00.939+0000] {logging_mixin.py:151} INFO - [2023-09-18T15:03:00.939+0000] {dag.py:2915} INFO - Sync 1 DAGs
[2023-09-18T15:03:00.952+0000] {logging_mixin.py:151} INFO - [2023-09-18T15:03:00.952+0000] {dag.py:3696} INFO - Setting next_dagrun for realtime_elt to 2023-09-19T00:00:00+00:00, run_after=2023-09-20T00:00:00+00:00
[2023-09-18T15:03:00.971+0000] {processor.py:179} INFO - Processing /opt/airflow/dags/realtime_elt.py took 0.372 seconds
[2023-09-18T15:03:31.073+0000] {processor.py:157} INFO - Started process (PID=189) to work on /opt/airflow/dags/realtime_elt.py
[2023-09-18T15:03:31.073+0000] {processor.py:829} INFO - Processing file /opt/airflow/dags/realtime_elt.py for tasks to queue
[2023-09-18T15:03:31.074+0000] {logging_mixin.py:151} INFO - [2023-09-18T15:03:31.074+0000] {dagbag.py:539} INFO - Filling up the DagBag from /opt/airflow/dags/realtime_elt.py
[2023-09-18T15:03:31.229+0000] {processor.py:839} INFO - DAG(s) dict_keys(['realtime_elt']) retrieved from /opt/airflow/dags/realtime_elt.py
[2023-09-18T15:03:31.293+0000] {logging_mixin.py:151} INFO - [2023-09-18T15:03:31.292+0000] {security.py:708} INFO - Not syncing DAG-level permissions for DAG 'DAG:realtime_elt' as access control is unset.
[2023-09-18T15:03:31.293+0000] {logging_mixin.py:151} INFO - [2023-09-18T15:03:31.293+0000] {dag.py:2915} INFO - Sync 1 DAGs
[2023-09-18T15:03:31.304+0000] {logging_mixin.py:151} INFO - [2023-09-18T15:03:31.304+0000] {dag.py:3696} INFO - Setting next_dagrun for realtime_elt to 2023-09-19T00:00:00+00:00, run_after=2023-09-20T00:00:00+00:00
[2023-09-18T15:03:31.314+0000] {processor.py:179} INFO - Processing /opt/airflow/dags/realtime_elt.py took 0.244 seconds
[2023-09-18T15:04:01.426+0000] {processor.py:157} INFO - Started process (PID=206) to work on /opt/airflow/dags/realtime_elt.py
[2023-09-18T15:04:01.426+0000] {processor.py:829} INFO - Processing file /opt/airflow/dags/realtime_elt.py for tasks to queue
[2023-09-18T15:04:01.427+0000] {logging_mixin.py:151} INFO - [2023-09-18T15:04:01.427+0000] {dagbag.py:539} INFO - Filling up the DagBag from /opt/airflow/dags/realtime_elt.py
[2023-09-18T15:04:01.583+0000] {processor.py:839} INFO - DAG(s) dict_keys(['realtime_elt']) retrieved from /opt/airflow/dags/realtime_elt.py
[2023-09-18T15:04:01.641+0000] {logging_mixin.py:151} INFO - [2023-09-18T15:04:01.641+0000] {security.py:708} INFO - Not syncing DAG-level permissions for DAG 'DAG:realtime_elt' as access control is unset.
[2023-09-18T15:04:01.642+0000] {logging_mixin.py:151} INFO - [2023-09-18T15:04:01.642+0000] {dag.py:2915} INFO - Sync 1 DAGs
[2023-09-18T15:04:01.655+0000] {logging_mixin.py:151} INFO - [2023-09-18T15:04:01.655+0000] {dag.py:3696} INFO - Setting next_dagrun for realtime_elt to 2023-09-19T00:00:00+00:00, run_after=2023-09-20T00:00:00+00:00
[2023-09-18T15:04:01.666+0000] {processor.py:179} INFO - Processing /opt/airflow/dags/realtime_elt.py took 0.242 seconds
[2023-09-18T15:04:31.782+0000] {processor.py:157} INFO - Started process (PID=223) to work on /opt/airflow/dags/realtime_elt.py
[2023-09-18T15:04:31.783+0000] {processor.py:829} INFO - Processing file /opt/airflow/dags/realtime_elt.py for tasks to queue
[2023-09-18T15:04:31.784+0000] {logging_mixin.py:151} INFO - [2023-09-18T15:04:31.783+0000] {dagbag.py:539} INFO - Filling up the DagBag from /opt/airflow/dags/realtime_elt.py
[2023-09-18T15:04:31.940+0000] {processor.py:839} INFO - DAG(s) dict_keys(['realtime_elt']) retrieved from /opt/airflow/dags/realtime_elt.py
[2023-09-18T15:04:32.003+0000] {logging_mixin.py:151} INFO - [2023-09-18T15:04:32.002+0000] {security.py:708} INFO - Not syncing DAG-level permissions for DAG 'DAG:realtime_elt' as access control is unset.
[2023-09-18T15:04:32.003+0000] {logging_mixin.py:151} INFO - [2023-09-18T15:04:32.003+0000] {dag.py:2915} INFO - Sync 1 DAGs
[2023-09-18T15:04:32.015+0000] {logging_mixin.py:151} INFO - [2023-09-18T15:04:32.015+0000] {dag.py:3696} INFO - Setting next_dagrun for realtime_elt to 2023-09-19T00:00:00+00:00, run_after=2023-09-20T00:00:00+00:00
[2023-09-18T15:04:32.036+0000] {processor.py:179} INFO - Processing /opt/airflow/dags/realtime_elt.py took 0.258 seconds
[2023-09-18T15:05:02.153+0000] {processor.py:157} INFO - Started process (PID=240) to work on /opt/airflow/dags/realtime_elt.py
[2023-09-18T15:05:02.153+0000] {processor.py:829} INFO - Processing file /opt/airflow/dags/realtime_elt.py for tasks to queue
[2023-09-18T15:05:02.154+0000] {logging_mixin.py:151} INFO - [2023-09-18T15:05:02.154+0000] {dagbag.py:539} INFO - Filling up the DagBag from /opt/airflow/dags/realtime_elt.py
[2023-09-18T15:05:02.313+0000] {processor.py:839} INFO - DAG(s) dict_keys(['realtime_elt']) retrieved from /opt/airflow/dags/realtime_elt.py
[2023-09-18T15:05:02.369+0000] {logging_mixin.py:151} INFO - [2023-09-18T15:05:02.369+0000] {security.py:708} INFO - Not syncing DAG-level permissions for DAG 'DAG:realtime_elt' as access control is unset.
[2023-09-18T15:05:02.369+0000] {logging_mixin.py:151} INFO - [2023-09-18T15:05:02.369+0000] {dag.py:2915} INFO - Sync 1 DAGs
[2023-09-18T15:05:02.382+0000] {logging_mixin.py:151} INFO - [2023-09-18T15:05:02.382+0000] {dag.py:3696} INFO - Setting next_dagrun for realtime_elt to 2023-09-19T00:00:00+00:00, run_after=2023-09-20T00:00:00+00:00
[2023-09-18T15:05:02.392+0000] {processor.py:179} INFO - Processing /opt/airflow/dags/realtime_elt.py took 0.241 seconds
[2023-09-18T15:05:32.507+0000] {processor.py:157} INFO - Started process (PID=257) to work on /opt/airflow/dags/realtime_elt.py
[2023-09-18T15:05:32.508+0000] {processor.py:829} INFO - Processing file /opt/airflow/dags/realtime_elt.py for tasks to queue
[2023-09-18T15:05:32.510+0000] {logging_mixin.py:151} INFO - [2023-09-18T15:05:32.509+0000] {dagbag.py:539} INFO - Filling up the DagBag from /opt/airflow/dags/realtime_elt.py
[2023-09-18T15:05:32.667+0000] {processor.py:839} INFO - DAG(s) dict_keys(['realtime_elt']) retrieved from /opt/airflow/dags/realtime_elt.py
[2023-09-18T15:05:32.724+0000] {logging_mixin.py:151} INFO - [2023-09-18T15:05:32.723+0000] {security.py:708} INFO - Not syncing DAG-level permissions for DAG 'DAG:realtime_elt' as access control is unset.
[2023-09-18T15:05:32.724+0000] {logging_mixin.py:151} INFO - [2023-09-18T15:05:32.724+0000] {dag.py:2915} INFO - Sync 1 DAGs
[2023-09-18T15:05:32.739+0000] {logging_mixin.py:151} INFO - [2023-09-18T15:05:32.739+0000] {dag.py:3696} INFO - Setting next_dagrun for realtime_elt to 2023-09-19T00:00:00+00:00, run_after=2023-09-20T00:00:00+00:00
[2023-09-18T15:05:32.786+0000] {processor.py:179} INFO - Processing /opt/airflow/dags/realtime_elt.py took 0.282 seconds
[2023-09-18T15:06:02.908+0000] {processor.py:157} INFO - Started process (PID=274) to work on /opt/airflow/dags/realtime_elt.py
[2023-09-18T15:06:02.909+0000] {processor.py:829} INFO - Processing file /opt/airflow/dags/realtime_elt.py for tasks to queue
[2023-09-18T15:06:02.909+0000] {logging_mixin.py:151} INFO - [2023-09-18T15:06:02.909+0000] {dagbag.py:539} INFO - Filling up the DagBag from /opt/airflow/dags/realtime_elt.py
[2023-09-18T15:06:03.074+0000] {processor.py:839} INFO - DAG(s) dict_keys(['realtime_elt']) retrieved from /opt/airflow/dags/realtime_elt.py
[2023-09-18T15:06:03.134+0000] {logging_mixin.py:151} INFO - [2023-09-18T15:06:03.133+0000] {security.py:708} INFO - Not syncing DAG-level permissions for DAG 'DAG:realtime_elt' as access control is unset.
[2023-09-18T15:06:03.134+0000] {logging_mixin.py:151} INFO - [2023-09-18T15:06:03.134+0000] {dag.py:2915} INFO - Sync 1 DAGs
[2023-09-18T15:06:03.152+0000] {logging_mixin.py:151} INFO - [2023-09-18T15:06:03.152+0000] {dag.py:3696} INFO - Setting next_dagrun for realtime_elt to 2023-09-19T00:00:00+00:00, run_after=2023-09-20T00:00:00+00:00
[2023-09-18T15:06:03.166+0000] {processor.py:179} INFO - Processing /opt/airflow/dags/realtime_elt.py took 0.260 seconds
[2023-09-18T15:06:33.300+0000] {processor.py:157} INFO - Started process (PID=291) to work on /opt/airflow/dags/realtime_elt.py
[2023-09-18T15:06:33.301+0000] {processor.py:829} INFO - Processing file /opt/airflow/dags/realtime_elt.py for tasks to queue
[2023-09-18T15:06:33.302+0000] {logging_mixin.py:151} INFO - [2023-09-18T15:06:33.301+0000] {dagbag.py:539} INFO - Filling up the DagBag from /opt/airflow/dags/realtime_elt.py
[2023-09-18T15:06:33.461+0000] {processor.py:839} INFO - DAG(s) dict_keys(['realtime_elt']) retrieved from /opt/airflow/dags/realtime_elt.py
[2023-09-18T15:06:33.518+0000] {logging_mixin.py:151} INFO - [2023-09-18T15:06:33.518+0000] {security.py:708} INFO - Not syncing DAG-level permissions for DAG 'DAG:realtime_elt' as access control is unset.
[2023-09-18T15:06:33.519+0000] {logging_mixin.py:151} INFO - [2023-09-18T15:06:33.519+0000] {dag.py:2915} INFO - Sync 1 DAGs
[2023-09-18T15:06:33.531+0000] {logging_mixin.py:151} INFO - [2023-09-18T15:06:33.531+0000] {dag.py:3696} INFO - Setting next_dagrun for realtime_elt to 2023-09-19T00:00:00+00:00, run_after=2023-09-20T00:00:00+00:00
[2023-09-18T15:06:33.554+0000] {processor.py:179} INFO - Processing /opt/airflow/dags/realtime_elt.py took 0.258 seconds
[2023-09-18T15:07:03.663+0000] {processor.py:157} INFO - Started process (PID=308) to work on /opt/airflow/dags/realtime_elt.py
[2023-09-18T15:07:03.663+0000] {processor.py:829} INFO - Processing file /opt/airflow/dags/realtime_elt.py for tasks to queue
[2023-09-18T15:07:03.664+0000] {logging_mixin.py:151} INFO - [2023-09-18T15:07:03.664+0000] {dagbag.py:539} INFO - Filling up the DagBag from /opt/airflow/dags/realtime_elt.py
[2023-09-18T15:07:03.822+0000] {processor.py:839} INFO - DAG(s) dict_keys(['realtime_elt']) retrieved from /opt/airflow/dags/realtime_elt.py
[2023-09-18T15:07:03.901+0000] {logging_mixin.py:151} INFO - [2023-09-18T15:07:03.901+0000] {security.py:708} INFO - Not syncing DAG-level permissions for DAG 'DAG:realtime_elt' as access control is unset.
[2023-09-18T15:07:03.901+0000] {logging_mixin.py:151} INFO - [2023-09-18T15:07:03.901+0000] {dag.py:2915} INFO - Sync 1 DAGs
[2023-09-18T15:07:03.914+0000] {logging_mixin.py:151} INFO - [2023-09-18T15:07:03.914+0000] {dag.py:3696} INFO - Setting next_dagrun for realtime_elt to 2023-09-19T00:00:00+00:00, run_after=2023-09-20T00:00:00+00:00
[2023-09-18T15:07:03.925+0000] {processor.py:179} INFO - Processing /opt/airflow/dags/realtime_elt.py took 0.265 seconds
[2023-09-18T15:07:34.032+0000] {processor.py:157} INFO - Started process (PID=325) to work on /opt/airflow/dags/realtime_elt.py
[2023-09-18T15:07:34.033+0000] {processor.py:829} INFO - Processing file /opt/airflow/dags/realtime_elt.py for tasks to queue
[2023-09-18T15:07:34.034+0000] {logging_mixin.py:151} INFO - [2023-09-18T15:07:34.033+0000] {dagbag.py:539} INFO - Filling up the DagBag from /opt/airflow/dags/realtime_elt.py
[2023-09-18T15:07:34.185+0000] {processor.py:839} INFO - DAG(s) dict_keys(['realtime_elt']) retrieved from /opt/airflow/dags/realtime_elt.py
[2023-09-18T15:07:34.244+0000] {logging_mixin.py:151} INFO - [2023-09-18T15:07:34.244+0000] {security.py:708} INFO - Not syncing DAG-level permissions for DAG 'DAG:realtime_elt' as access control is unset.
[2023-09-18T15:07:34.244+0000] {logging_mixin.py:151} INFO - [2023-09-18T15:07:34.244+0000] {dag.py:2915} INFO - Sync 1 DAGs
[2023-09-18T15:07:34.257+0000] {logging_mixin.py:151} INFO - [2023-09-18T15:07:34.257+0000] {dag.py:3696} INFO - Setting next_dagrun for realtime_elt to 2023-09-19T00:00:00+00:00, run_after=2023-09-20T00:00:00+00:00
[2023-09-18T15:07:34.268+0000] {processor.py:179} INFO - Processing /opt/airflow/dags/realtime_elt.py took 0.239 seconds
[2023-09-18T15:08:04.416+0000] {processor.py:157} INFO - Started process (PID=342) to work on /opt/airflow/dags/realtime_elt.py
[2023-09-18T15:08:04.417+0000] {processor.py:829} INFO - Processing file /opt/airflow/dags/realtime_elt.py for tasks to queue
[2023-09-18T15:08:04.418+0000] {logging_mixin.py:151} INFO - [2023-09-18T15:08:04.417+0000] {dagbag.py:539} INFO - Filling up the DagBag from /opt/airflow/dags/realtime_elt.py
[2023-09-18T15:08:04.569+0000] {processor.py:839} INFO - DAG(s) dict_keys(['realtime_elt']) retrieved from /opt/airflow/dags/realtime_elt.py
[2023-09-18T15:08:04.629+0000] {logging_mixin.py:151} INFO - [2023-09-18T15:08:04.629+0000] {security.py:708} INFO - Not syncing DAG-level permissions for DAG 'DAG:realtime_elt' as access control is unset.
[2023-09-18T15:08:04.630+0000] {logging_mixin.py:151} INFO - [2023-09-18T15:08:04.629+0000] {dag.py:2915} INFO - Sync 1 DAGs
[2023-09-18T15:08:04.642+0000] {logging_mixin.py:151} INFO - [2023-09-18T15:08:04.642+0000] {dag.py:3696} INFO - Setting next_dagrun for realtime_elt to 2023-09-19T00:00:00+00:00, run_after=2023-09-20T00:00:00+00:00
[2023-09-18T15:08:04.656+0000] {processor.py:179} INFO - Processing /opt/airflow/dags/realtime_elt.py took 0.243 seconds
[2023-09-18T15:08:34.776+0000] {processor.py:157} INFO - Started process (PID=359) to work on /opt/airflow/dags/realtime_elt.py
[2023-09-18T15:08:34.776+0000] {processor.py:829} INFO - Processing file /opt/airflow/dags/realtime_elt.py for tasks to queue
[2023-09-18T15:08:34.777+0000] {logging_mixin.py:151} INFO - [2023-09-18T15:08:34.777+0000] {dagbag.py:539} INFO - Filling up the DagBag from /opt/airflow/dags/realtime_elt.py
[2023-09-18T15:08:34.947+0000] {processor.py:839} INFO - DAG(s) dict_keys(['realtime_elt']) retrieved from /opt/airflow/dags/realtime_elt.py
[2023-09-18T15:08:35.004+0000] {logging_mixin.py:151} INFO - [2023-09-18T15:08:35.003+0000] {security.py:708} INFO - Not syncing DAG-level permissions for DAG 'DAG:realtime_elt' as access control is unset.
[2023-09-18T15:08:35.004+0000] {logging_mixin.py:151} INFO - [2023-09-18T15:08:35.004+0000] {dag.py:2915} INFO - Sync 1 DAGs
[2023-09-18T15:08:35.016+0000] {logging_mixin.py:151} INFO - [2023-09-18T15:08:35.015+0000] {dag.py:3696} INFO - Setting next_dagrun for realtime_elt to 2023-09-19T00:00:00+00:00, run_after=2023-09-20T00:00:00+00:00
[2023-09-18T15:08:35.026+0000] {processor.py:179} INFO - Processing /opt/airflow/dags/realtime_elt.py took 0.253 seconds
[2023-09-18T15:09:05.144+0000] {processor.py:157} INFO - Started process (PID=376) to work on /opt/airflow/dags/realtime_elt.py
[2023-09-18T15:09:05.145+0000] {processor.py:829} INFO - Processing file /opt/airflow/dags/realtime_elt.py for tasks to queue
[2023-09-18T15:09:05.146+0000] {logging_mixin.py:151} INFO - [2023-09-18T15:09:05.146+0000] {dagbag.py:539} INFO - Filling up the DagBag from /opt/airflow/dags/realtime_elt.py
[2023-09-18T15:09:05.308+0000] {processor.py:839} INFO - DAG(s) dict_keys(['realtime_elt']) retrieved from /opt/airflow/dags/realtime_elt.py
[2023-09-18T15:09:05.364+0000] {logging_mixin.py:151} INFO - [2023-09-18T15:09:05.364+0000] {security.py:708} INFO - Not syncing DAG-level permissions for DAG 'DAG:realtime_elt' as access control is unset.
[2023-09-18T15:09:05.364+0000] {logging_mixin.py:151} INFO - [2023-09-18T15:09:05.364+0000] {dag.py:2915} INFO - Sync 1 DAGs
[2023-09-18T15:09:05.378+0000] {logging_mixin.py:151} INFO - [2023-09-18T15:09:05.378+0000] {dag.py:3696} INFO - Setting next_dagrun for realtime_elt to 2023-09-19T00:00:00+00:00, run_after=2023-09-20T00:00:00+00:00
[2023-09-18T15:09:05.392+0000] {processor.py:179} INFO - Processing /opt/airflow/dags/realtime_elt.py took 0.251 seconds
[2023-09-18T15:09:35.518+0000] {processor.py:157} INFO - Started process (PID=393) to work on /opt/airflow/dags/realtime_elt.py
[2023-09-18T15:09:35.519+0000] {processor.py:829} INFO - Processing file /opt/airflow/dags/realtime_elt.py for tasks to queue
[2023-09-18T15:09:35.520+0000] {logging_mixin.py:151} INFO - [2023-09-18T15:09:35.520+0000] {dagbag.py:539} INFO - Filling up the DagBag from /opt/airflow/dags/realtime_elt.py
[2023-09-18T15:09:35.677+0000] {processor.py:839} INFO - DAG(s) dict_keys(['realtime_elt']) retrieved from /opt/airflow/dags/realtime_elt.py
[2023-09-18T15:09:35.733+0000] {logging_mixin.py:151} INFO - [2023-09-18T15:09:35.733+0000] {security.py:708} INFO - Not syncing DAG-level permissions for DAG 'DAG:realtime_elt' as access control is unset.
[2023-09-18T15:09:35.734+0000] {logging_mixin.py:151} INFO - [2023-09-18T15:09:35.733+0000] {dag.py:2915} INFO - Sync 1 DAGs
[2023-09-18T15:09:35.749+0000] {logging_mixin.py:151} INFO - [2023-09-18T15:09:35.748+0000] {dag.py:3696} INFO - Setting next_dagrun for realtime_elt to 2023-09-19T00:00:00+00:00, run_after=2023-09-20T00:00:00+00:00
[2023-09-18T15:09:35.763+0000] {processor.py:179} INFO - Processing /opt/airflow/dags/realtime_elt.py took 0.248 seconds
[2023-09-18T15:10:05.907+0000] {processor.py:157} INFO - Started process (PID=410) to work on /opt/airflow/dags/realtime_elt.py
[2023-09-18T15:10:05.907+0000] {processor.py:829} INFO - Processing file /opt/airflow/dags/realtime_elt.py for tasks to queue
[2023-09-18T15:10:05.908+0000] {logging_mixin.py:151} INFO - [2023-09-18T15:10:05.908+0000] {dagbag.py:539} INFO - Filling up the DagBag from /opt/airflow/dags/realtime_elt.py
[2023-09-18T15:10:06.068+0000] {processor.py:839} INFO - DAG(s) dict_keys(['realtime_elt']) retrieved from /opt/airflow/dags/realtime_elt.py
[2023-09-18T15:10:06.124+0000] {logging_mixin.py:151} INFO - [2023-09-18T15:10:06.124+0000] {security.py:708} INFO - Not syncing DAG-level permissions for DAG 'DAG:realtime_elt' as access control is unset.
[2023-09-18T15:10:06.125+0000] {logging_mixin.py:151} INFO - [2023-09-18T15:10:06.125+0000] {dag.py:2915} INFO - Sync 1 DAGs
[2023-09-18T15:10:06.138+0000] {logging_mixin.py:151} INFO - [2023-09-18T15:10:06.138+0000] {dag.py:3696} INFO - Setting next_dagrun for realtime_elt to 2023-09-19T00:00:00+00:00, run_after=2023-09-20T00:00:00+00:00
[2023-09-18T15:10:06.148+0000] {processor.py:179} INFO - Processing /opt/airflow/dags/realtime_elt.py took 0.244 seconds
[2023-09-18T15:10:36.293+0000] {processor.py:157} INFO - Started process (PID=427) to work on /opt/airflow/dags/realtime_elt.py
[2023-09-18T15:10:36.294+0000] {processor.py:829} INFO - Processing file /opt/airflow/dags/realtime_elt.py for tasks to queue
[2023-09-18T15:10:36.295+0000] {logging_mixin.py:151} INFO - [2023-09-18T15:10:36.294+0000] {dagbag.py:539} INFO - Filling up the DagBag from /opt/airflow/dags/realtime_elt.py
[2023-09-18T15:10:36.460+0000] {processor.py:839} INFO - DAG(s) dict_keys(['realtime_elt']) retrieved from /opt/airflow/dags/realtime_elt.py
[2023-09-18T15:10:36.515+0000] {logging_mixin.py:151} INFO - [2023-09-18T15:10:36.515+0000] {security.py:708} INFO - Not syncing DAG-level permissions for DAG 'DAG:realtime_elt' as access control is unset.
[2023-09-18T15:10:36.515+0000] {logging_mixin.py:151} INFO - [2023-09-18T15:10:36.515+0000] {dag.py:2915} INFO - Sync 1 DAGs
[2023-09-18T15:10:36.527+0000] {logging_mixin.py:151} INFO - [2023-09-18T15:10:36.527+0000] {dag.py:3696} INFO - Setting next_dagrun for realtime_elt to 2023-09-19T00:00:00+00:00, run_after=2023-09-20T00:00:00+00:00
[2023-09-18T15:10:36.554+0000] {processor.py:179} INFO - Processing /opt/airflow/dags/realtime_elt.py took 0.264 seconds
[2023-09-18T15:11:06.668+0000] {processor.py:157} INFO - Started process (PID=444) to work on /opt/airflow/dags/realtime_elt.py
[2023-09-18T15:11:06.669+0000] {processor.py:829} INFO - Processing file /opt/airflow/dags/realtime_elt.py for tasks to queue
[2023-09-18T15:11:06.670+0000] {logging_mixin.py:151} INFO - [2023-09-18T15:11:06.670+0000] {dagbag.py:539} INFO - Filling up the DagBag from /opt/airflow/dags/realtime_elt.py
[2023-09-18T15:11:06.830+0000] {processor.py:839} INFO - DAG(s) dict_keys(['realtime_elt']) retrieved from /opt/airflow/dags/realtime_elt.py
[2023-09-18T15:11:06.888+0000] {logging_mixin.py:151} INFO - [2023-09-18T15:11:06.887+0000] {security.py:708} INFO - Not syncing DAG-level permissions for DAG 'DAG:realtime_elt' as access control is unset.
[2023-09-18T15:11:06.888+0000] {logging_mixin.py:151} INFO - [2023-09-18T15:11:06.888+0000] {dag.py:2915} INFO - Sync 1 DAGs
[2023-09-18T15:11:06.900+0000] {logging_mixin.py:151} INFO - [2023-09-18T15:11:06.900+0000] {dag.py:3696} INFO - Setting next_dagrun for realtime_elt to 2023-09-19T00:00:00+00:00, run_after=2023-09-20T00:00:00+00:00
[2023-09-18T15:11:06.912+0000] {processor.py:179} INFO - Processing /opt/airflow/dags/realtime_elt.py took 0.247 seconds
[2023-09-18T15:11:37.035+0000] {processor.py:157} INFO - Started process (PID=461) to work on /opt/airflow/dags/realtime_elt.py
[2023-09-18T15:11:37.036+0000] {processor.py:829} INFO - Processing file /opt/airflow/dags/realtime_elt.py for tasks to queue
[2023-09-18T15:11:37.037+0000] {logging_mixin.py:151} INFO - [2023-09-18T15:11:37.037+0000] {dagbag.py:539} INFO - Filling up the DagBag from /opt/airflow/dags/realtime_elt.py
[2023-09-18T15:11:37.194+0000] {processor.py:839} INFO - DAG(s) dict_keys(['realtime_elt']) retrieved from /opt/airflow/dags/realtime_elt.py
[2023-09-18T15:11:37.250+0000] {logging_mixin.py:151} INFO - [2023-09-18T15:11:37.250+0000] {security.py:708} INFO - Not syncing DAG-level permissions for DAG 'DAG:realtime_elt' as access control is unset.
[2023-09-18T15:11:37.250+0000] {logging_mixin.py:151} INFO - [2023-09-18T15:11:37.250+0000] {dag.py:2915} INFO - Sync 1 DAGs
[2023-09-18T15:11:37.263+0000] {logging_mixin.py:151} INFO - [2023-09-18T15:11:37.263+0000] {dag.py:3696} INFO - Setting next_dagrun for realtime_elt to 2023-09-19T00:00:00+00:00, run_after=2023-09-20T00:00:00+00:00
[2023-09-18T15:11:37.274+0000] {processor.py:179} INFO - Processing /opt/airflow/dags/realtime_elt.py took 0.242 seconds
[2023-09-18T15:12:07.424+0000] {processor.py:157} INFO - Started process (PID=478) to work on /opt/airflow/dags/realtime_elt.py
[2023-09-18T15:12:07.425+0000] {processor.py:829} INFO - Processing file /opt/airflow/dags/realtime_elt.py for tasks to queue
[2023-09-18T15:12:07.426+0000] {logging_mixin.py:151} INFO - [2023-09-18T15:12:07.426+0000] {dagbag.py:539} INFO - Filling up the DagBag from /opt/airflow/dags/realtime_elt.py
[2023-09-18T15:12:07.586+0000] {processor.py:839} INFO - DAG(s) dict_keys(['realtime_elt']) retrieved from /opt/airflow/dags/realtime_elt.py
[2023-09-18T15:12:07.642+0000] {logging_mixin.py:151} INFO - [2023-09-18T15:12:07.642+0000] {security.py:708} INFO - Not syncing DAG-level permissions for DAG 'DAG:realtime_elt' as access control is unset.
[2023-09-18T15:12:07.643+0000] {logging_mixin.py:151} INFO - [2023-09-18T15:12:07.642+0000] {dag.py:2915} INFO - Sync 1 DAGs
[2023-09-18T15:12:07.656+0000] {logging_mixin.py:151} INFO - [2023-09-18T15:12:07.656+0000] {dag.py:3696} INFO - Setting next_dagrun for realtime_elt to 2023-09-19T00:00:00+00:00, run_after=2023-09-20T00:00:00+00:00
[2023-09-18T15:12:07.668+0000] {processor.py:179} INFO - Processing /opt/airflow/dags/realtime_elt.py took 0.246 seconds
[2023-09-18T15:12:37.817+0000] {processor.py:157} INFO - Started process (PID=495) to work on /opt/airflow/dags/realtime_elt.py
[2023-09-18T15:12:37.818+0000] {processor.py:829} INFO - Processing file /opt/airflow/dags/realtime_elt.py for tasks to queue
[2023-09-18T15:12:37.819+0000] {logging_mixin.py:151} INFO - [2023-09-18T15:12:37.818+0000] {dagbag.py:539} INFO - Filling up the DagBag from /opt/airflow/dags/realtime_elt.py
[2023-09-18T15:12:37.983+0000] {processor.py:839} INFO - DAG(s) dict_keys(['realtime_elt']) retrieved from /opt/airflow/dags/realtime_elt.py
[2023-09-18T15:12:38.040+0000] {logging_mixin.py:151} INFO - [2023-09-18T15:12:38.040+0000] {security.py:708} INFO - Not syncing DAG-level permissions for DAG 'DAG:realtime_elt' as access control is unset.
[2023-09-18T15:12:38.040+0000] {logging_mixin.py:151} INFO - [2023-09-18T15:12:38.040+0000] {dag.py:2915} INFO - Sync 1 DAGs
[2023-09-18T15:12:38.053+0000] {logging_mixin.py:151} INFO - [2023-09-18T15:12:38.053+0000] {dag.py:3696} INFO - Setting next_dagrun for realtime_elt to 2023-09-19T00:00:00+00:00, run_after=2023-09-20T00:00:00+00:00
[2023-09-18T15:12:38.064+0000] {processor.py:179} INFO - Processing /opt/airflow/dags/realtime_elt.py took 0.251 seconds
[2023-09-18T15:13:08.180+0000] {processor.py:157} INFO - Started process (PID=512) to work on /opt/airflow/dags/realtime_elt.py
[2023-09-18T15:13:08.180+0000] {processor.py:829} INFO - Processing file /opt/airflow/dags/realtime_elt.py for tasks to queue
[2023-09-18T15:13:08.181+0000] {logging_mixin.py:151} INFO - [2023-09-18T15:13:08.181+0000] {dagbag.py:539} INFO - Filling up the DagBag from /opt/airflow/dags/realtime_elt.py
[2023-09-18T15:13:08.342+0000] {processor.py:839} INFO - DAG(s) dict_keys(['realtime_elt']) retrieved from /opt/airflow/dags/realtime_elt.py
[2023-09-18T15:13:08.401+0000] {logging_mixin.py:151} INFO - [2023-09-18T15:13:08.401+0000] {security.py:708} INFO - Not syncing DAG-level permissions for DAG 'DAG:realtime_elt' as access control is unset.
[2023-09-18T15:13:08.401+0000] {logging_mixin.py:151} INFO - [2023-09-18T15:13:08.401+0000] {dag.py:2915} INFO - Sync 1 DAGs
[2023-09-18T15:13:08.414+0000] {logging_mixin.py:151} INFO - [2023-09-18T15:13:08.414+0000] {dag.py:3696} INFO - Setting next_dagrun for realtime_elt to 2023-09-19T00:00:00+00:00, run_after=2023-09-20T00:00:00+00:00
[2023-09-18T15:13:08.424+0000] {processor.py:179} INFO - Processing /opt/airflow/dags/realtime_elt.py took 0.247 seconds
[2023-09-18T15:13:38.532+0000] {processor.py:157} INFO - Started process (PID=529) to work on /opt/airflow/dags/realtime_elt.py
[2023-09-18T15:13:38.533+0000] {processor.py:829} INFO - Processing file /opt/airflow/dags/realtime_elt.py for tasks to queue
[2023-09-18T15:13:38.534+0000] {logging_mixin.py:151} INFO - [2023-09-18T15:13:38.533+0000] {dagbag.py:539} INFO - Filling up the DagBag from /opt/airflow/dags/realtime_elt.py
[2023-09-18T15:13:38.683+0000] {processor.py:839} INFO - DAG(s) dict_keys(['realtime_elt']) retrieved from /opt/airflow/dags/realtime_elt.py
[2023-09-18T15:13:38.740+0000] {logging_mixin.py:151} INFO - [2023-09-18T15:13:38.740+0000] {security.py:708} INFO - Not syncing DAG-level permissions for DAG 'DAG:realtime_elt' as access control is unset.
[2023-09-18T15:13:38.741+0000] {logging_mixin.py:151} INFO - [2023-09-18T15:13:38.740+0000] {dag.py:2915} INFO - Sync 1 DAGs
[2023-09-18T15:13:38.753+0000] {logging_mixin.py:151} INFO - [2023-09-18T15:13:38.752+0000] {dag.py:3696} INFO - Setting next_dagrun for realtime_elt to 2023-09-19T00:00:00+00:00, run_after=2023-09-20T00:00:00+00:00
[2023-09-18T15:13:38.764+0000] {processor.py:179} INFO - Processing /opt/airflow/dags/realtime_elt.py took 0.233 seconds
